2023-08-07 09:54:44,964 [Worker-0: Loading available Gradle versions] INFO  o.e.b.c.i.u.g.PublishedGradleVersions - Gradle version information cache is up-to-date. Trying to read.
2023-08-07 09:56:25,442 [Worker-11: Update Maven projects configuration] INFO  o.e.m.c.i.p.ProjectConfigurationManager - Update started
2023-08-07 09:56:26,685 [Worker-11: Update Maven projects configuration] INFO  o.e.m.c.i.l.LifecycleMappingFactory - Using org.eclipse.m2e.jdt.JarLifecycleMapping lifecycle mapping for MavenProject: com.demo:DemoKedarDemo:0.0.1-SNAPSHOT @ /home/harsh/Study/Sem5/CICD/lab1/pom.xml.
2023-08-07 09:56:27,529 [Worker-11: Update Maven projects configuration] INFO  o.e.m.c.i.e.AbstractTransferListenerAdapter - Downloading https://repo.maven.apache.org/maven2/org/apache/maven/plugins/maven-surefire-plugin/3.0.0/maven-surefire-plugin-3.0.0.pom
2023-08-07 09:56:27,585 [Worker-11: Update Maven projects configuration] INFO  o.e.m.c.i.e.AbstractTransferListenerAdapter - Downloaded https://repo.maven.apache.org/maven2/org/apache/maven/plugins/maven-surefire-plugin/3.0.0/maven-surefire-plugin-3.0.0.pom
2023-08-07 09:56:27,629 [Worker-11: Update Maven projects configuration] INFO  o.e.m.c.i.e.AbstractTransferListenerAdapter - Downloading https://repo.maven.apache.org/maven2/org/apache/maven/surefire/surefire/3.0.0/surefire-3.0.0.pom
2023-08-07 09:56:27,690 [Worker-11: Update Maven projects configuration] INFO  o.e.m.c.i.e.AbstractTransferListenerAdapter - Downloaded https://repo.maven.apache.org/maven2/org/apache/maven/surefire/surefire/3.0.0/surefire-3.0.0.pom
2023-08-07 09:56:27,753 [Worker-11: Update Maven projects configuration] INFO  o.e.m.c.i.e.AbstractTransferListenerAdapter - Downloading https://repo.maven.apache.org/maven2/org/apache/maven/plugins/maven-jar-plugin/3.3.0/maven-jar-plugin-3.3.0.pom
2023-08-07 09:56:27,788 [Worker-11: Update Maven projects configuration] INFO  o.e.m.c.i.e.AbstractTransferListenerAdapter - Downloaded https://repo.maven.apache.org/maven2/org/apache/maven/plugins/maven-jar-plugin/3.3.0/maven-jar-plugin-3.3.0.pom
2023-08-07 09:56:27,824 [Worker-11: Update Maven projects configuration] INFO  o.e.m.c.i.e.AbstractTransferListenerAdapter - Downloading https://repo.maven.apache.org/maven2/org/apache/maven/plugins/maven-plugins/37/maven-plugins-37.pom
2023-08-07 09:56:27,861 [Worker-11: Update Maven projects configuration] INFO  o.e.m.c.i.e.AbstractTransferListenerAdapter - Downloaded https://repo.maven.apache.org/maven2/org/apache/maven/plugins/maven-plugins/37/maven-plugins-37.pom
2023-08-07 09:56:27,896 [Worker-11: Update Maven projects configuration] INFO  o.e.m.c.i.e.AbstractTransferListenerAdapter - Downloading https://repo.maven.apache.org/maven2/org/apache/maven/maven-parent/37/maven-parent-37.pom
2023-08-07 09:56:27,948 [Worker-11: Update Maven projects configuration] INFO  o.e.m.c.i.e.AbstractTransferListenerAdapter - Downloaded https://repo.maven.apache.org/maven2/org/apache/maven/maven-parent/37/maven-parent-37.pom
2023-08-07 09:56:28,042 [Worker-11: Update Maven projects configuration] INFO  o.e.m.c.i.e.AbstractTransferListenerAdapter - Downloading https://repo.maven.apache.org/maven2/org/apache/maven/shared/file-management/3.1.0/file-management-3.1.0.pom
2023-08-07 09:56:28,077 [Worker-11: Update Maven projects configuration] INFO  o.e.m.c.i.e.AbstractTransferListenerAdapter - Downloaded https://repo.maven.apache.org/maven2/org/apache/maven/shared/file-management/3.1.0/file-management-3.1.0.pom
2023-08-07 09:56:28,114 [Worker-11: Update Maven projects configuration] INFO  o.e.m.c.i.e.AbstractTransferListenerAdapter - Downloading https://repo.maven.apache.org/maven2/org/apache/maven/shared/maven-shared-components/36/maven-shared-components-36.pom
2023-08-07 09:56:28,148 [Worker-11: Update Maven projects configuration] INFO  o.e.m.c.i.e.AbstractTransferListenerAdapter - Downloaded https://repo.maven.apache.org/maven2/org/apache/maven/shared/maven-shared-components/36/maven-shared-components-36.pom
2023-08-07 09:56:28,192 [Worker-11: Update Maven projects configuration] INFO  o.e.m.c.i.e.AbstractTransferListenerAdapter - Downloading https://repo.maven.apache.org/maven2/org/apache/maven/maven-parent/36/maven-parent-36.pom
2023-08-07 09:56:28,305 [Worker-11: Update Maven projects configuration] INFO  o.e.m.c.i.e.AbstractTransferListenerAdapter - Downloaded https://repo.maven.apache.org/maven2/org/apache/maven/maven-parent/36/maven-parent-36.pom
2023-08-07 09:56:28,341 [Worker-11: Update Maven projects configuration] INFO  o.e.m.c.i.e.AbstractTransferListenerAdapter - Downloading https://repo.maven.apache.org/maven2/org/apache/apache/26/apache-26.pom
2023-08-07 09:56:28,377 [Worker-11: Update Maven projects configuration] INFO  o.e.m.c.i.e.AbstractTransferListenerAdapter - Downloaded https://repo.maven.apache.org/maven2/org/apache/apache/26/apache-26.pom
2023-08-07 09:56:28,419 [Worker-11: Update Maven projects configuration] INFO  o.e.m.c.i.e.AbstractTransferListenerAdapter - Downloading https://repo.maven.apache.org/maven2/org/codehaus/plexus/plexus-utils/3.3.0/plexus-utils-3.3.0.pom
2023-08-07 09:56:28,452 [Worker-11: Update Maven projects configuration] INFO  o.e.m.c.i.e.AbstractTransferListenerAdapter - Downloaded https://repo.maven.apache.org/maven2/org/codehaus/plexus/plexus-utils/3.3.0/plexus-utils-3.3.0.pom
2023-08-07 09:56:28,530 [Worker-11: Update Maven projects configuration] INFO  o.e.m.c.i.e.AbstractTransferListenerAdapter - Downloading https://repo.maven.apache.org/maven2/org/apache/maven/maven-archiver/3.6.0/maven-archiver-3.6.0.pom
2023-08-07 09:56:28,565 [Worker-11: Update Maven projects configuration] INFO  o.e.m.c.i.e.AbstractTransferListenerAdapter - Downloaded https://repo.maven.apache.org/maven2/org/apache/maven/maven-archiver/3.6.0/maven-archiver-3.6.0.pom
2023-08-07 09:56:28,603 [Worker-11: Update Maven projects configuration] INFO  o.e.m.c.i.e.AbstractTransferListenerAdapter - Downloading https://repo.maven.apache.org/maven2/org/codehaus/plexus/plexus-io/3.4.0/plexus-io-3.4.0.pom
2023-08-07 09:56:28,637 [Worker-11: Update Maven projects configuration] INFO  o.e.m.c.i.e.AbstractTransferListenerAdapter - Downloaded https://repo.maven.apache.org/maven2/org/codehaus/plexus/plexus-io/3.4.0/plexus-io-3.4.0.pom
2023-08-07 09:56:28,677 [Worker-11: Update Maven projects configuration] INFO  o.e.m.c.i.e.AbstractTransferListenerAdapter - Downloading https://repo.maven.apache.org/maven2/org/codehaus/plexus/plexus-archiver/4.4.0/plexus-archiver-4.4.0.pom
2023-08-07 09:56:28,717 [Worker-11: Update Maven projects configuration] INFO  o.e.m.c.i.e.AbstractTransferListenerAdapter - Downloaded https://repo.maven.apache.org/maven2/org/codehaus/plexus/plexus-archiver/4.4.0/plexus-archiver-4.4.0.pom
2023-08-07 09:56:28,759 [Worker-11: Update Maven projects configuration] INFO  o.e.m.c.i.e.AbstractTransferListenerAdapter - Downloading https://repo.maven.apache.org/maven2/org/apache/commons/commons-compress/1.21/commons-compress-1.21.pom
2023-08-07 09:56:28,802 [Worker-11: Update Maven projects configuration] INFO  o.e.m.c.i.e.AbstractTransferListenerAdapter - Downloaded https://repo.maven.apache.org/maven2/org/apache/commons/commons-compress/1.21/commons-compress-1.21.pom
2023-08-07 09:56:28,874 [Worker-11: Update Maven projects configuration] INFO  o.e.m.c.i.e.AbstractTransferListenerAdapter - Downloading https://repo.maven.apache.org/maven2/org/tukaani/xz/1.9/xz-1.9.pom
2023-08-07 09:56:28,922 [Worker-11: Update Maven projects configuration] INFO  o.e.m.c.i.e.AbstractTransferListenerAdapter - Downloaded https://repo.maven.apache.org/maven2/org/tukaani/xz/1.9/xz-1.9.pom
2023-08-07 09:56:28,959 [Worker-11: Update Maven projects configuration] INFO  o.e.m.c.i.e.AbstractTransferListenerAdapter - Downloading https://repo.maven.apache.org/maven2/org/codehaus/plexus/plexus-utils/3.4.2/plexus-utils-3.4.2.pom
2023-08-07 09:56:28,998 [Worker-11: Update Maven projects configuration] INFO  o.e.m.c.i.e.AbstractTransferListenerAdapter - Downloaded https://repo.maven.apache.org/maven2/org/codehaus/plexus/plexus-utils/3.4.2/plexus-utils-3.4.2.pom
2023-08-07 09:56:29,033 [Worker-11: Update Maven projects configuration] INFO  o.e.m.c.i.e.AbstractTransferListenerAdapter - Downloading https://repo.maven.apache.org/maven2/org/codehaus/plexus/plexus/8/plexus-8.pom
2023-08-07 09:56:29,071 [Worker-11: Update Maven projects configuration] INFO  o.e.m.c.i.e.AbstractTransferListenerAdapter - Downloaded https://repo.maven.apache.org/maven2/org/codehaus/plexus/plexus/8/plexus-8.pom
2023-08-07 09:56:29,114 [AetherRepositoryConnector-repo.maven.apache.org-0-0] INFO  o.e.m.c.i.e.AbstractTransferListenerAdapter - Downloading https://repo.maven.apache.org/maven2/org/apache/maven/shared/file-management/3.1.0/file-management-3.1.0.jar
2023-08-07 09:56:29,155 [AetherRepositoryConnector-repo.maven.apache.org-0-1] INFO  o.e.m.c.i.e.AbstractTransferListenerAdapter - Downloading https://repo.maven.apache.org/maven2/org/apache/maven/maven-archiver/3.6.0/maven-archiver-3.6.0.jar
2023-08-07 09:56:29,155 [AetherRepositoryConnector-repo.maven.apache.org-0-4] INFO  o.e.m.c.i.e.AbstractTransferListenerAdapter - Downloading https://repo.maven.apache.org/maven2/org/apache/commons/commons-compress/1.21/commons-compress-1.21.jar
2023-08-07 09:56:29,156 [AetherRepositoryConnector-repo.maven.apache.org-0-3] INFO  o.e.m.c.i.e.AbstractTransferListenerAdapter - Downloading https://repo.maven.apache.org/maven2/org/codehaus/plexus/plexus-archiver/4.4.0/plexus-archiver-4.4.0.jar
2023-08-07 09:56:29,155 [AetherRepositoryConnector-repo.maven.apache.org-0-2] INFO  o.e.m.c.i.e.AbstractTransferListenerAdapter - Downloading https://repo.maven.apache.org/maven2/org/codehaus/plexus/plexus-io/3.4.0/plexus-io-3.4.0.jar
2023-08-07 09:56:29,200 [AetherRepositoryConnector-repo.maven.apache.org-0-0] INFO  o.e.m.c.i.e.AbstractTransferListenerAdapter - Downloaded https://repo.maven.apache.org/maven2/org/apache/maven/shared/file-management/3.1.0/file-management-3.1.0.jar
2023-08-07 09:56:29,255 [AetherRepositoryConnector-repo.maven.apache.org-0-1] INFO  o.e.m.c.i.e.AbstractTransferListenerAdapter - Downloaded https://repo.maven.apache.org/maven2/org/apache/maven/maven-archiver/3.6.0/maven-archiver-3.6.0.jar
2023-08-07 09:56:29,342 [AetherRepositoryConnector-repo.maven.apache.org-0-2] INFO  o.e.m.c.i.e.AbstractTransferListenerAdapter - Downloaded https://repo.maven.apache.org/maven2/org/codehaus/plexus/plexus-io/3.4.0/plexus-io-3.4.0.jar
2023-08-07 09:56:29,343 [AetherRepositoryConnector-repo.maven.apache.org-0-0] INFO  o.e.m.c.i.e.AbstractTransferListenerAdapter - Downloading https://repo.maven.apache.org/maven2/org/tukaani/xz/1.9/xz-1.9.jar
2023-08-07 09:56:29,349 [AetherRepositoryConnector-repo.maven.apache.org-0-1] INFO  o.e.m.c.i.e.AbstractTransferListenerAdapter - Downloading https://repo.maven.apache.org/maven2/org/codehaus/plexus/plexus-utils/3.4.2/plexus-utils-3.4.2.jar
2023-08-07 09:56:29,351 [AetherRepositoryConnector-repo.maven.apache.org-0-3] INFO  o.e.m.c.i.e.AbstractTransferListenerAdapter - Downloaded https://repo.maven.apache.org/maven2/org/codehaus/plexus/plexus-archiver/4.4.0/plexus-archiver-4.4.0.jar
2023-08-07 09:56:29,385 [AetherRepositoryConnector-repo.maven.apache.org-0-0] INFO  o.e.m.c.i.e.AbstractTransferListenerAdapter - Downloaded https://repo.maven.apache.org/maven2/org/tukaani/xz/1.9/xz-1.9.jar
2023-08-07 09:56:29,412 [AetherRepositoryConnector-repo.maven.apache.org-0-1] INFO  o.e.m.c.i.e.AbstractTransferListenerAdapter - Downloaded https://repo.maven.apache.org/maven2/org/codehaus/plexus/plexus-utils/3.4.2/plexus-utils-3.4.2.jar
2023-08-07 09:56:29,412 [AetherRepositoryConnector-repo.maven.apache.org-0-4] INFO  o.e.m.c.i.e.AbstractTransferListenerAdapter - Downloaded https://repo.maven.apache.org/maven2/org/apache/commons/commons-compress/1.21/commons-compress-1.21.jar
2023-08-07 09:56:30,080 [Worker-11: Update Maven projects configuration] INFO  o.e.m.j.i.AbstractJavaProjectConfigurator - Adding source folder /lab1/src/main/java
2023-08-07 09:56:30,081 [Worker-11: Update Maven projects configuration] INFO  o.e.m.j.i.AbstractJavaProjectConfigurator - Adding resource folder /lab1/src/main/resources
2023-08-07 09:56:30,090 [Worker-11: Update Maven projects configuration] INFO  o.e.m.j.i.AbstractJavaProjectConfigurator - Adding resource folder /lab1/src/main/resources
2023-08-07 09:56:30,100 [Worker-11: Update Maven projects configuration] INFO  o.e.m.j.i.AbstractJavaProjectConfigurator - Adding source folder /lab1/src/test/java
2023-08-07 09:56:30,923 [Worker-17: Download sources and javadoc] INFO  o.e.m.c.i.e.AbstractTransferListenerAdapter - Downloading https://repo.maven.apache.org/maven2/org/springframework/boot/spring-boot-starter-data-jpa/3.1.1/spring-boot-starter-data-jpa-3.1.1-sources.jar
2023-08-07 09:56:30,958 [Worker-17: Download sources and javadoc] INFO  o.e.m.c.i.e.AbstractTransferListenerAdapter - Downloaded https://repo.maven.apache.org/maven2/org/springframework/boot/spring-boot-starter-data-jpa/3.1.1/spring-boot-starter-data-jpa-3.1.1-sources.jar
2023-08-07 09:56:30,959 [Worker-17: Download sources and javadoc] INFO  o.e.m.j.internal.DownloadSourcesJob - Downloaded sources for org.springframework.boot:spring-boot-starter-data-jpa:3.1.1
2023-08-07 09:56:31,628 [Worker-17: Download sources and javadoc] INFO  o.e.m.c.i.e.AbstractTransferListenerAdapter - Downloading https://repo.maven.apache.org/maven2/org/springframework/boot/spring-boot-starter-aop/3.1.1/spring-boot-starter-aop-3.1.1-sources.jar
2023-08-07 09:56:31,693 [Worker-17: Download sources and javadoc] INFO  o.e.m.c.i.e.AbstractTransferListenerAdapter - Downloaded https://repo.maven.apache.org/maven2/org/springframework/boot/spring-boot-starter-aop/3.1.1/spring-boot-starter-aop-3.1.1-sources.jar
2023-08-07 09:56:31,694 [Worker-17: Download sources and javadoc] INFO  o.e.m.j.internal.DownloadSourcesJob - Downloaded sources for org.springframework.boot:spring-boot-starter-aop:3.1.1
2023-08-07 09:56:32,028 [Worker-17: Download sources and javadoc] INFO  o.e.m.c.i.e.AbstractTransferListenerAdapter - Downloading https://repo.maven.apache.org/maven2/org/springframework/spring-aop/6.0.10/spring-aop-6.0.10-sources.jar
2023-08-07 09:56:33,273 [Worker-11: Update Maven projects configuration] INFO  o.e.m.c.i.p.ProjectConfigurationManager - Update completed for 1 poms: local refresh takes 0.00 sec, refresh facades takes 4.00 sec, update config takes 3.00 sec 
2023-08-07 09:56:37,152 [Worker-17: Download sources and javadoc] INFO  o.e.m.c.i.e.AbstractTransferListenerAdapter - Downloaded https://repo.maven.apache.org/maven2/org/springframework/spring-aop/6.0.10/spring-aop-6.0.10-sources.jar
2023-08-07 09:56:37,154 [Worker-17: Download sources and javadoc] INFO  o.e.m.j.internal.DownloadSourcesJob - Downloaded sources for org.springframework:spring-aop:6.0.10
2023-08-07 09:56:37,381 [Worker-17: Download sources and javadoc] INFO  o.e.m.c.i.e.AbstractTransferListenerAdapter - Downloading https://repo.maven.apache.org/maven2/org/aspectj/aspectjweaver/1.9.19/aspectjweaver-1.9.19-sources.jar
2023-08-07 09:56:37,720 [Worker-17: Download sources and javadoc] INFO  o.e.m.c.i.e.AbstractTransferListenerAdapter - Downloaded https://repo.maven.apache.org/maven2/org/aspectj/aspectjweaver/1.9.19/aspectjweaver-1.9.19-sources.jar
2023-08-07 09:56:37,722 [Worker-17: Download sources and javadoc] INFO  o.e.m.j.internal.DownloadSourcesJob - Downloaded sources for org.aspectj:aspectjweaver:1.9.19
2023-08-07 09:56:37,995 [Worker-17: Download sources and javadoc] INFO  o.e.m.c.i.e.AbstractTransferListenerAdapter - Downloading https://repo.maven.apache.org/maven2/org/springframework/boot/spring-boot-starter-jdbc/3.1.1/spring-boot-starter-jdbc-3.1.1-sources.jar
2023-08-07 09:56:38,116 [Worker-17: Download sources and javadoc] INFO  o.e.m.c.i.e.AbstractTransferListenerAdapter - Downloaded https://repo.maven.apache.org/maven2/org/springframework/boot/spring-boot-starter-jdbc/3.1.1/spring-boot-starter-jdbc-3.1.1-sources.jar
2023-08-07 09:56:38,118 [Worker-17: Download sources and javadoc] INFO  o.e.m.j.internal.DownloadSourcesJob - Downloaded sources for org.springframework.boot:spring-boot-starter-jdbc:3.1.1
2023-08-07 09:56:38,386 [Worker-17: Download sources and javadoc] INFO  o.e.m.c.i.e.AbstractTransferListenerAdapter - Downloading https://repo.maven.apache.org/maven2/com/zaxxer/HikariCP/5.0.1/HikariCP-5.0.1-sources.jar
2023-08-07 09:56:40,286 [Worker-17: Download sources and javadoc] INFO  o.e.m.c.i.e.AbstractTransferListenerAdapter - Downloaded https://repo.maven.apache.org/maven2/com/zaxxer/HikariCP/5.0.1/HikariCP-5.0.1-sources.jar
2023-08-07 09:56:40,288 [Worker-17: Download sources and javadoc] INFO  o.e.m.j.internal.DownloadSourcesJob - Downloaded sources for com.zaxxer:HikariCP:5.0.1
2023-08-07 09:56:40,530 [Worker-17: Download sources and javadoc] INFO  o.e.m.c.i.e.AbstractTransferListenerAdapter - Downloading https://repo.maven.apache.org/maven2/org/springframework/spring-jdbc/6.0.10/spring-jdbc-6.0.10-sources.jar
2023-08-07 09:56:40,677 [Worker-17: Download sources and javadoc] INFO  o.e.m.c.i.e.AbstractTransferListenerAdapter - Downloaded https://repo.maven.apache.org/maven2/org/springframework/spring-jdbc/6.0.10/spring-jdbc-6.0.10-sources.jar
2023-08-07 09:56:40,679 [Worker-17: Download sources and javadoc] INFO  o.e.m.j.internal.DownloadSourcesJob - Downloaded sources for org.springframework:spring-jdbc:6.0.10
2023-08-07 09:56:40,966 [Worker-17: Download sources and javadoc] INFO  o.e.m.c.i.e.AbstractTransferListenerAdapter - Downloading https://repo.maven.apache.org/maven2/org/hibernate/orm/hibernate-core/6.2.5.Final/hibernate-core-6.2.5.Final-sources.jar
2023-08-07 09:56:41,758 [Worker-17: Download sources and javadoc] INFO  o.e.m.c.i.e.AbstractTransferListenerAdapter - Downloaded https://repo.maven.apache.org/maven2/org/hibernate/orm/hibernate-core/6.2.5.Final/hibernate-core-6.2.5.Final-sources.jar
2023-08-07 09:56:41,760 [Worker-17: Download sources and javadoc] INFO  o.e.m.j.internal.DownloadSourcesJob - Downloaded sources for org.hibernate.orm:hibernate-core:6.2.5.Final
2023-08-07 09:56:41,997 [Worker-17: Download sources and javadoc] INFO  o.e.m.c.i.e.AbstractTransferListenerAdapter - Downloading https://repo.maven.apache.org/maven2/jakarta/persistence/jakarta.persistence-api/3.1.0/jakarta.persistence-api-3.1.0-sources.jar
2023-08-07 09:56:42,161 [Worker-17: Download sources and javadoc] INFO  o.e.m.c.i.e.AbstractTransferListenerAdapter - Downloaded https://repo.maven.apache.org/maven2/jakarta/persistence/jakarta.persistence-api/3.1.0/jakarta.persistence-api-3.1.0-sources.jar
2023-08-07 09:56:42,163 [Worker-17: Download sources and javadoc] INFO  o.e.m.j.internal.DownloadSourcesJob - Downloaded sources for jakarta.persistence:jakarta.persistence-api:3.1.0
2023-08-07 09:56:42,415 [Worker-17: Download sources and javadoc] INFO  o.e.m.c.i.e.AbstractTransferListenerAdapter - Downloading https://repo.maven.apache.org/maven2/jakarta/transaction/jakarta.transaction-api/2.0.1/jakarta.transaction-api-2.0.1-sources.jar
2023-08-07 09:56:42,478 [Worker-17: Download sources and javadoc] INFO  o.e.m.c.i.e.AbstractTransferListenerAdapter - Downloaded https://repo.maven.apache.org/maven2/jakarta/transaction/jakarta.transaction-api/2.0.1/jakarta.transaction-api-2.0.1-sources.jar
2023-08-07 09:56:42,479 [Worker-17: Download sources and javadoc] INFO  o.e.m.j.internal.DownloadSourcesJob - Downloaded sources for jakarta.transaction:jakarta.transaction-api:2.0.1
2023-08-07 09:56:42,739 [Worker-17: Download sources and javadoc] INFO  o.e.m.c.i.e.AbstractTransferListenerAdapter - Downloading https://repo.maven.apache.org/maven2/org/jboss/logging/jboss-logging/3.5.1.Final/jboss-logging-3.5.1.Final-sources.jar
2023-08-07 09:56:42,892 [Worker-17: Download sources and javadoc] INFO  o.e.m.c.i.e.AbstractTransferListenerAdapter - Downloaded https://repo.maven.apache.org/maven2/org/jboss/logging/jboss-logging/3.5.1.Final/jboss-logging-3.5.1.Final-sources.jar
2023-08-07 09:56:42,895 [Worker-17: Download sources and javadoc] INFO  o.e.m.j.internal.DownloadSourcesJob - Downloaded sources for org.jboss.logging:jboss-logging:3.5.1.Final
2023-08-07 09:56:43,126 [Worker-17: Download sources and javadoc] INFO  o.e.m.c.i.e.AbstractTransferListenerAdapter - Downloading https://repo.maven.apache.org/maven2/org/hibernate/common/hibernate-commons-annotations/6.0.6.Final/hibernate-commons-annotations-6.0.6.Final-sources.jar
2023-08-07 09:56:43,503 [Worker-17: Download sources and javadoc] INFO  o.e.m.c.i.e.AbstractTransferListenerAdapter - Downloaded https://repo.maven.apache.org/maven2/org/hibernate/common/hibernate-commons-annotations/6.0.6.Final/hibernate-commons-annotations-6.0.6.Final-sources.jar
2023-08-07 09:56:43,505 [Worker-17: Download sources and javadoc] INFO  o.e.m.j.internal.DownloadSourcesJob - Downloaded sources for org.hibernate.common:hibernate-commons-annotations:6.0.6.Final
2023-08-07 09:56:43,805 [Worker-17: Download sources and javadoc] INFO  o.e.m.c.i.e.AbstractTransferListenerAdapter - Downloading https://repo.maven.apache.org/maven2/io/smallrye/jandex/3.0.5/jandex-3.0.5-sources.jar
2023-08-07 09:56:44,149 [Worker-17: Download sources and javadoc] INFO  o.e.m.c.i.e.AbstractTransferListenerAdapter - Downloaded https://repo.maven.apache.org/maven2/io/smallrye/jandex/3.0.5/jandex-3.0.5-sources.jar
2023-08-07 09:56:44,150 [Worker-17: Download sources and javadoc] INFO  o.e.m.j.internal.DownloadSourcesJob - Downloaded sources for io.smallrye:jandex:3.0.5
2023-08-07 09:56:44,387 [Worker-17: Download sources and javadoc] INFO  o.e.m.c.i.e.AbstractTransferListenerAdapter - Downloading https://repo.maven.apache.org/maven2/com/fasterxml/classmate/1.5.1/classmate-1.5.1-sources.jar
2023-08-07 09:56:44,659 [Worker-17: Download sources and javadoc] INFO  o.e.m.c.i.e.AbstractTransferListenerAdapter - Downloaded https://repo.maven.apache.org/maven2/com/fasterxml/classmate/1.5.1/classmate-1.5.1-sources.jar
2023-08-07 09:56:44,663 [Worker-17: Download sources and javadoc] INFO  o.e.m.j.internal.DownloadSourcesJob - Downloaded sources for com.fasterxml:classmate:1.5.1
2023-08-07 09:56:44,916 [Worker-17: Download sources and javadoc] INFO  o.e.m.c.i.e.AbstractTransferListenerAdapter - Downloading https://repo.maven.apache.org/maven2/net/bytebuddy/byte-buddy/1.14.5/byte-buddy-1.14.5-sources.jar
2023-08-07 09:56:45,829 [Worker-17: Download sources and javadoc] INFO  o.e.m.c.i.e.AbstractTransferListenerAdapter - Downloaded https://repo.maven.apache.org/maven2/net/bytebuddy/byte-buddy/1.14.5/byte-buddy-1.14.5-sources.jar
2023-08-07 09:56:45,833 [Worker-17: Download sources and javadoc] INFO  o.e.m.j.internal.DownloadSourcesJob - Downloaded sources for net.bytebuddy:byte-buddy:1.14.5
2023-08-07 09:56:46,105 [Worker-17: Download sources and javadoc] INFO  o.e.m.c.i.e.AbstractTransferListenerAdapter - Downloading https://repo.maven.apache.org/maven2/org/glassfish/jaxb/jaxb-runtime/4.0.3/jaxb-runtime-4.0.3-sources.jar
2023-08-07 09:56:58,063 [Worker-17: Download sources and javadoc] INFO  o.e.m.c.i.e.AbstractTransferListenerAdapter - Downloaded https://repo.maven.apache.org/maven2/org/glassfish/jaxb/jaxb-runtime/4.0.3/jaxb-runtime-4.0.3-sources.jar
2023-08-07 09:56:58,066 [Worker-17: Download sources and javadoc] INFO  o.e.m.j.internal.DownloadSourcesJob - Downloaded sources for org.glassfish.jaxb:jaxb-runtime:4.0.3
2023-08-07 09:56:58,501 [Worker-17: Download sources and javadoc] INFO  o.e.m.c.i.e.AbstractTransferListenerAdapter - Downloading https://repo.maven.apache.org/maven2/org/glassfish/jaxb/jaxb-core/4.0.3/jaxb-core-4.0.3-sources.jar
2023-08-07 09:56:58,680 [Worker-17: Download sources and javadoc] INFO  o.e.m.c.i.e.AbstractTransferListenerAdapter - Downloaded https://repo.maven.apache.org/maven2/org/glassfish/jaxb/jaxb-core/4.0.3/jaxb-core-4.0.3-sources.jar
2023-08-07 09:56:58,683 [Worker-17: Download sources and javadoc] INFO  o.e.m.j.internal.DownloadSourcesJob - Downloaded sources for org.glassfish.jaxb:jaxb-core:4.0.3
2023-08-07 09:56:58,969 [Worker-17: Download sources and javadoc] INFO  o.e.m.c.i.e.AbstractTransferListenerAdapter - Downloading https://repo.maven.apache.org/maven2/org/eclipse/angus/angus-activation/2.0.1/angus-activation-2.0.1-sources.jar
2023-08-07 09:56:59,064 [Worker-17: Download sources and javadoc] INFO  o.e.m.c.i.e.AbstractTransferListenerAdapter - Downloaded https://repo.maven.apache.org/maven2/org/eclipse/angus/angus-activation/2.0.1/angus-activation-2.0.1-sources.jar
2023-08-07 09:56:59,065 [Worker-17: Download sources and javadoc] INFO  o.e.m.j.internal.DownloadSourcesJob - Downloaded sources for org.eclipse.angus:angus-activation:2.0.1
2023-08-07 09:56:59,368 [Worker-17: Download sources and javadoc] INFO  o.e.m.c.i.e.AbstractTransferListenerAdapter - Downloading https://repo.maven.apache.org/maven2/org/glassfish/jaxb/txw2/4.0.3/txw2-4.0.3-sources.jar
2023-08-07 09:56:59,480 [Worker-17: Download sources and javadoc] INFO  o.e.m.c.i.e.AbstractTransferListenerAdapter - Downloaded https://repo.maven.apache.org/maven2/org/glassfish/jaxb/txw2/4.0.3/txw2-4.0.3-sources.jar
2023-08-07 09:56:59,481 [Worker-17: Download sources and javadoc] INFO  o.e.m.j.internal.DownloadSourcesJob - Downloaded sources for org.glassfish.jaxb:txw2:4.0.3
2023-08-07 09:56:59,759 [Worker-17: Download sources and javadoc] INFO  o.e.m.c.i.e.AbstractTransferListenerAdapter - Downloading https://repo.maven.apache.org/maven2/com/sun/istack/istack-commons-runtime/4.1.2/istack-commons-runtime-4.1.2-sources.jar
2023-08-07 09:56:59,854 [Worker-17: Download sources and javadoc] INFO  o.e.m.c.i.e.AbstractTransferListenerAdapter - Downloaded https://repo.maven.apache.org/maven2/com/sun/istack/istack-commons-runtime/4.1.2/istack-commons-runtime-4.1.2-sources.jar
2023-08-07 09:56:59,857 [Worker-17: Download sources and javadoc] INFO  o.e.m.j.internal.DownloadSourcesJob - Downloaded sources for com.sun.istack:istack-commons-runtime:4.1.2
2023-08-07 09:57:00,134 [Worker-17: Download sources and javadoc] INFO  o.e.m.c.i.e.AbstractTransferListenerAdapter - Downloading https://repo.maven.apache.org/maven2/jakarta/inject/jakarta.inject-api/2.0.1/jakarta.inject-api-2.0.1-sources.jar
2023-08-07 09:57:00,238 [Worker-17: Download sources and javadoc] INFO  o.e.m.c.i.e.AbstractTransferListenerAdapter - Downloaded https://repo.maven.apache.org/maven2/jakarta/inject/jakarta.inject-api/2.0.1/jakarta.inject-api-2.0.1-sources.jar
2023-08-07 09:57:00,238 [Worker-17: Download sources and javadoc] INFO  o.e.m.j.internal.DownloadSourcesJob - Downloaded sources for jakarta.inject:jakarta.inject-api:2.0.1
2023-08-07 09:57:00,553 [Worker-17: Download sources and javadoc] INFO  o.e.m.c.i.e.AbstractTransferListenerAdapter - Downloading https://repo.maven.apache.org/maven2/org/antlr/antlr4-runtime/4.10.1/antlr4-runtime-4.10.1-sources.jar
2023-08-07 09:57:00,759 [Worker-17: Download sources and javadoc] INFO  o.e.m.c.i.e.AbstractTransferListenerAdapter - Downloaded https://repo.maven.apache.org/maven2/org/antlr/antlr4-runtime/4.10.1/antlr4-runtime-4.10.1-sources.jar
2023-08-07 09:57:00,762 [Worker-17: Download sources and javadoc] INFO  o.e.m.j.internal.DownloadSourcesJob - Downloaded sources for org.antlr:antlr4-runtime:4.10.1
2023-08-07 09:57:01,047 [Worker-17: Download sources and javadoc] INFO  o.e.m.c.i.e.AbstractTransferListenerAdapter - Downloading https://repo.maven.apache.org/maven2/org/springframework/data/spring-data-jpa/3.1.1/spring-data-jpa-3.1.1-sources.jar
2023-08-07 09:57:01,283 [Worker-17: Download sources and javadoc] INFO  o.e.m.c.i.e.AbstractTransferListenerAdapter - Downloaded https://repo.maven.apache.org/maven2/org/springframework/data/spring-data-jpa/3.1.1/spring-data-jpa-3.1.1-sources.jar
2023-08-07 09:57:01,286 [Worker-17: Download sources and javadoc] INFO  o.e.m.j.internal.DownloadSourcesJob - Downloaded sources for org.springframework.data:spring-data-jpa:3.1.1
2023-08-07 09:57:01,570 [Worker-17: Download sources and javadoc] INFO  o.e.m.c.i.e.AbstractTransferListenerAdapter - Downloading https://repo.maven.apache.org/maven2/org/springframework/data/spring-data-commons/3.1.1/spring-data-commons-3.1.1-sources.jar
2023-08-07 09:57:01,861 [Worker-17: Download sources and javadoc] INFO  o.e.m.c.i.e.AbstractTransferListenerAdapter - Downloaded https://repo.maven.apache.org/maven2/org/springframework/data/spring-data-commons/3.1.1/spring-data-commons-3.1.1-sources.jar
2023-08-07 09:57:01,864 [Worker-17: Download sources and javadoc] INFO  o.e.m.j.internal.DownloadSourcesJob - Downloaded sources for org.springframework.data:spring-data-commons:3.1.1
2023-08-07 09:57:02,163 [Worker-17: Download sources and javadoc] INFO  o.e.m.c.i.e.AbstractTransferListenerAdapter - Downloading https://repo.maven.apache.org/maven2/org/springframework/spring-orm/6.0.10/spring-orm-6.0.10-sources.jar
2023-08-07 09:57:02,348 [Worker-17: Download sources and javadoc] INFO  o.e.m.c.i.e.AbstractTransferListenerAdapter - Downloaded https://repo.maven.apache.org/maven2/org/springframework/spring-orm/6.0.10/spring-orm-6.0.10-sources.jar
2023-08-07 09:57:02,350 [Worker-17: Download sources and javadoc] INFO  o.e.m.j.internal.DownloadSourcesJob - Downloaded sources for org.springframework:spring-orm:6.0.10
2023-08-07 09:57:02,650 [Worker-17: Download sources and javadoc] INFO  o.e.m.c.i.e.AbstractTransferListenerAdapter - Downloading https://repo.maven.apache.org/maven2/org/springframework/spring-context/6.0.10/spring-context-6.0.10-sources.jar
2023-08-07 09:57:02,951 [Worker-17: Download sources and javadoc] INFO  o.e.m.c.i.e.AbstractTransferListenerAdapter - Downloaded https://repo.maven.apache.org/maven2/org/springframework/spring-context/6.0.10/spring-context-6.0.10-sources.jar
2023-08-07 09:57:02,952 [Worker-17: Download sources and javadoc] INFO  o.e.m.j.internal.DownloadSourcesJob - Downloaded sources for org.springframework:spring-context:6.0.10
2023-08-07 09:57:03,239 [Worker-17: Download sources and javadoc] INFO  o.e.m.c.i.e.AbstractTransferListenerAdapter - Downloading https://repo.maven.apache.org/maven2/org/springframework/spring-tx/6.0.10/spring-tx-6.0.10-sources.jar
2023-08-07 09:57:03,442 [Worker-17: Download sources and javadoc] INFO  o.e.m.c.i.e.AbstractTransferListenerAdapter - Downloaded https://repo.maven.apache.org/maven2/org/springframework/spring-tx/6.0.10/spring-tx-6.0.10-sources.jar
2023-08-07 09:57:03,453 [Worker-17: Download sources and javadoc] INFO  o.e.m.j.internal.DownloadSourcesJob - Downloaded sources for org.springframework:spring-tx:6.0.10
2023-08-07 09:57:03,765 [Worker-17: Download sources and javadoc] INFO  o.e.m.c.i.e.AbstractTransferListenerAdapter - Downloading https://repo.maven.apache.org/maven2/org/springframework/spring-beans/6.0.10/spring-beans-6.0.10-sources.jar
2023-08-07 09:57:04,048 [Worker-17: Download sources and javadoc] INFO  o.e.m.c.i.e.AbstractTransferListenerAdapter - Downloaded https://repo.maven.apache.org/maven2/org/springframework/spring-beans/6.0.10/spring-beans-6.0.10-sources.jar
2023-08-07 09:57:04,051 [Worker-17: Download sources and javadoc] INFO  o.e.m.j.internal.DownloadSourcesJob - Downloaded sources for org.springframework:spring-beans:6.0.10
2023-08-07 09:57:04,337 [Worker-17: Download sources and javadoc] INFO  o.e.m.c.i.e.AbstractTransferListenerAdapter - Downloading https://repo.maven.apache.org/maven2/jakarta/annotation/jakarta.annotation-api/2.1.1/jakarta.annotation-api-2.1.1-sources.jar
2023-08-07 09:57:04,458 [Worker-17: Download sources and javadoc] INFO  o.e.m.c.i.e.AbstractTransferListenerAdapter - Downloaded https://repo.maven.apache.org/maven2/jakarta/annotation/jakarta.annotation-api/2.1.1/jakarta.annotation-api-2.1.1-sources.jar
2023-08-07 09:57:04,459 [Worker-17: Download sources and javadoc] INFO  o.e.m.j.internal.DownloadSourcesJob - Downloaded sources for jakarta.annotation:jakarta.annotation-api:2.1.1
2023-08-07 09:57:04,735 [Worker-17: Download sources and javadoc] INFO  o.e.m.c.i.e.AbstractTransferListenerAdapter - Downloading https://repo.maven.apache.org/maven2/org/slf4j/slf4j-api/2.0.7/slf4j-api-2.0.7-sources.jar
2023-08-07 09:57:04,845 [Worker-17: Download sources and javadoc] INFO  o.e.m.c.i.e.AbstractTransferListenerAdapter - Downloaded https://repo.maven.apache.org/maven2/org/slf4j/slf4j-api/2.0.7/slf4j-api-2.0.7-sources.jar
2023-08-07 09:57:04,846 [Worker-17: Download sources and javadoc] INFO  o.e.m.j.internal.DownloadSourcesJob - Downloaded sources for org.slf4j:slf4j-api:2.0.7
2023-08-07 09:57:05,112 [Worker-17: Download sources and javadoc] INFO  o.e.m.c.i.e.AbstractTransferListenerAdapter - Downloading https://repo.maven.apache.org/maven2/org/springframework/spring-aspects/6.0.10/spring-aspects-6.0.10-sources.jar
2023-08-07 09:57:05,209 [Worker-17: Download sources and javadoc] INFO  o.e.m.c.i.e.AbstractTransferListenerAdapter - Downloaded https://repo.maven.apache.org/maven2/org/springframework/spring-aspects/6.0.10/spring-aspects-6.0.10-sources.jar
2023-08-07 09:57:05,212 [Worker-17: Download sources and javadoc] INFO  o.e.m.j.internal.DownloadSourcesJob - Downloaded sources for org.springframework:spring-aspects:6.0.10
2023-08-07 09:57:05,522 [Worker-17: Download sources and javadoc] INFO  o.e.m.c.i.e.AbstractTransferListenerAdapter - Downloading https://repo.maven.apache.org/maven2/org/springframework/boot/spring-boot-starter-web/3.1.1/spring-boot-starter-web-3.1.1-sources.jar
2023-08-07 09:57:05,620 [Worker-17: Download sources and javadoc] INFO  o.e.m.c.i.e.AbstractTransferListenerAdapter - Downloaded https://repo.maven.apache.org/maven2/org/springframework/boot/spring-boot-starter-web/3.1.1/spring-boot-starter-web-3.1.1-sources.jar
2023-08-07 09:57:05,622 [Worker-17: Download sources and javadoc] INFO  o.e.m.j.internal.DownloadSourcesJob - Downloaded sources for org.springframework.boot:spring-boot-starter-web:3.1.1
2023-08-07 09:57:05,896 [Worker-17: Download sources and javadoc] INFO  o.e.m.c.i.e.AbstractTransferListenerAdapter - Downloading https://repo.maven.apache.org/maven2/org/springframework/boot/spring-boot-starter/3.1.1/spring-boot-starter-3.1.1-sources.jar
2023-08-07 09:57:05,995 [Worker-17: Download sources and javadoc] INFO  o.e.m.c.i.e.AbstractTransferListenerAdapter - Downloaded https://repo.maven.apache.org/maven2/org/springframework/boot/spring-boot-starter/3.1.1/spring-boot-starter-3.1.1-sources.jar
2023-08-07 09:57:05,997 [Worker-17: Download sources and javadoc] INFO  o.e.m.j.internal.DownloadSourcesJob - Downloaded sources for org.springframework.boot:spring-boot-starter:3.1.1
2023-08-07 09:57:06,274 [Worker-17: Download sources and javadoc] INFO  o.e.m.c.i.e.AbstractTransferListenerAdapter - Downloading https://repo.maven.apache.org/maven2/org/springframework/boot/spring-boot-starter-logging/3.1.1/spring-boot-starter-logging-3.1.1-sources.jar
2023-08-07 09:57:06,369 [Worker-17: Download sources and javadoc] INFO  o.e.m.c.i.e.AbstractTransferListenerAdapter - Downloaded https://repo.maven.apache.org/maven2/org/springframework/boot/spring-boot-starter-logging/3.1.1/spring-boot-starter-logging-3.1.1-sources.jar
2023-08-07 09:57:06,372 [Worker-17: Download sources and javadoc] INFO  o.e.m.j.internal.DownloadSourcesJob - Downloaded sources for org.springframework.boot:spring-boot-starter-logging:3.1.1
2023-08-07 09:57:06,648 [Worker-17: Download sources and javadoc] INFO  o.e.m.c.i.e.AbstractTransferListenerAdapter - Downloading https://repo.maven.apache.org/maven2/ch/qos/logback/logback-classic/1.4.8/logback-classic-1.4.8-sources.jar
2023-08-07 09:57:06,820 [Worker-17: Download sources and javadoc] INFO  o.e.m.c.i.e.AbstractTransferListenerAdapter - Downloaded https://repo.maven.apache.org/maven2/ch/qos/logback/logback-classic/1.4.8/logback-classic-1.4.8-sources.jar
2023-08-07 09:57:06,821 [Worker-17: Download sources and javadoc] INFO  o.e.m.j.internal.DownloadSourcesJob - Downloaded sources for ch.qos.logback:logback-classic:1.4.8
2023-08-07 09:57:07,109 [Worker-17: Download sources and javadoc] INFO  o.e.m.c.i.e.AbstractTransferListenerAdapter - Downloading https://repo.maven.apache.org/maven2/ch/qos/logback/logback-core/1.4.8/logback-core-1.4.8-sources.jar
2023-08-07 09:57:07,338 [Worker-17: Download sources and javadoc] INFO  o.e.m.c.i.e.AbstractTransferListenerAdapter - Downloaded https://repo.maven.apache.org/maven2/ch/qos/logback/logback-core/1.4.8/logback-core-1.4.8-sources.jar
2023-08-07 09:57:07,341 [Worker-17: Download sources and javadoc] INFO  o.e.m.j.internal.DownloadSourcesJob - Downloaded sources for ch.qos.logback:logback-core:1.4.8
2023-08-07 09:57:07,609 [Worker-17: Download sources and javadoc] INFO  o.e.m.c.i.e.AbstractTransferListenerAdapter - Downloading https://repo.maven.apache.org/maven2/org/apache/logging/log4j/log4j-to-slf4j/2.20.0/log4j-to-slf4j-2.20.0-sources.jar
2023-08-07 09:57:07,720 [Worker-17: Download sources and javadoc] INFO  o.e.m.c.i.e.AbstractTransferListenerAdapter - Downloaded https://repo.maven.apache.org/maven2/org/apache/logging/log4j/log4j-to-slf4j/2.20.0/log4j-to-slf4j-2.20.0-sources.jar
2023-08-07 09:57:07,721 [Worker-17: Download sources and javadoc] INFO  o.e.m.j.internal.DownloadSourcesJob - Downloaded sources for org.apache.logging.log4j:log4j-to-slf4j:2.20.0
2023-08-07 09:57:08,015 [Worker-17: Download sources and javadoc] INFO  o.e.m.c.i.e.AbstractTransferListenerAdapter - Downloading https://repo.maven.apache.org/maven2/org/apache/logging/log4j/log4j-api/2.20.0/log4j-api-2.20.0-sources.jar
2023-08-07 09:57:08,225 [Worker-17: Download sources and javadoc] INFO  o.e.m.c.i.e.AbstractTransferListenerAdapter - Downloaded https://repo.maven.apache.org/maven2/org/apache/logging/log4j/log4j-api/2.20.0/log4j-api-2.20.0-sources.jar
2023-08-07 09:57:08,229 [Worker-17: Download sources and javadoc] INFO  o.e.m.j.internal.DownloadSourcesJob - Downloaded sources for org.apache.logging.log4j:log4j-api:2.20.0
2023-08-07 09:57:08,497 [Worker-17: Download sources and javadoc] INFO  o.e.m.c.i.e.AbstractTransferListenerAdapter - Downloading https://repo.maven.apache.org/maven2/org/slf4j/jul-to-slf4j/2.0.7/jul-to-slf4j-2.0.7-sources.jar
2023-08-07 09:57:08,592 [Worker-17: Download sources and javadoc] INFO  o.e.m.c.i.e.AbstractTransferListenerAdapter - Downloaded https://repo.maven.apache.org/maven2/org/slf4j/jul-to-slf4j/2.0.7/jul-to-slf4j-2.0.7-sources.jar
2023-08-07 09:57:08,594 [Worker-17: Download sources and javadoc] INFO  o.e.m.j.internal.DownloadSourcesJob - Downloaded sources for org.slf4j:jul-to-slf4j:2.0.7
2023-08-07 09:57:08,880 [Worker-17: Download sources and javadoc] INFO  o.e.m.c.i.e.AbstractTransferListenerAdapter - Downloading https://repo.maven.apache.org/maven2/org/yaml/snakeyaml/1.33/snakeyaml-1.33-sources.jar
2023-08-07 09:57:09,052 [Worker-17: Download sources and javadoc] INFO  o.e.m.c.i.e.AbstractTransferListenerAdapter - Downloaded https://repo.maven.apache.org/maven2/org/yaml/snakeyaml/1.33/snakeyaml-1.33-sources.jar
2023-08-07 09:57:09,055 [Worker-17: Download sources and javadoc] INFO  o.e.m.j.internal.DownloadSourcesJob - Downloaded sources for org.yaml:snakeyaml:1.33
2023-08-07 09:57:09,349 [Worker-17: Download sources and javadoc] INFO  o.e.m.c.i.e.AbstractTransferListenerAdapter - Downloading https://repo.maven.apache.org/maven2/org/springframework/boot/spring-boot-starter-json/3.1.1/spring-boot-starter-json-3.1.1-sources.jar
2023-08-07 09:57:09,446 [Worker-17: Download sources and javadoc] INFO  o.e.m.c.i.e.AbstractTransferListenerAdapter - Downloaded https://repo.maven.apache.org/maven2/org/springframework/boot/spring-boot-starter-json/3.1.1/spring-boot-starter-json-3.1.1-sources.jar
2023-08-07 09:57:09,448 [Worker-17: Download sources and javadoc] INFO  o.e.m.j.internal.DownloadSourcesJob - Downloaded sources for org.springframework.boot:spring-boot-starter-json:3.1.1
2023-08-07 09:57:09,730 [Worker-17: Download sources and javadoc] INFO  o.e.m.c.i.e.AbstractTransferListenerAdapter - Downloading https://repo.maven.apache.org/maven2/com/fasterxml/jackson/core/jackson-databind/2.15.2/jackson-databind-2.15.2-sources.jar
2023-08-07 09:57:10,029 [Worker-17: Download sources and javadoc] INFO  o.e.m.c.i.e.AbstractTransferListenerAdapter - Downloaded https://repo.maven.apache.org/maven2/com/fasterxml/jackson/core/jackson-databind/2.15.2/jackson-databind-2.15.2-sources.jar
2023-08-07 09:57:10,030 [Worker-17: Download sources and javadoc] INFO  o.e.m.j.internal.DownloadSourcesJob - Downloaded sources for com.fasterxml.jackson.core:jackson-databind:2.15.2
2023-08-07 09:57:10,306 [Worker-17: Download sources and javadoc] INFO  o.e.m.c.i.e.AbstractTransferListenerAdapter - Downloading https://repo.maven.apache.org/maven2/com/fasterxml/jackson/core/jackson-annotations/2.15.2/jackson-annotations-2.15.2-sources.jar
2023-08-07 09:57:10,433 [Worker-17: Download sources and javadoc] INFO  o.e.m.c.i.e.AbstractTransferListenerAdapter - Downloaded https://repo.maven.apache.org/maven2/com/fasterxml/jackson/core/jackson-annotations/2.15.2/jackson-annotations-2.15.2-sources.jar
2023-08-07 09:57:10,438 [Worker-17: Download sources and javadoc] INFO  o.e.m.j.internal.DownloadSourcesJob - Downloaded sources for com.fasterxml.jackson.core:jackson-annotations:2.15.2
2023-08-07 09:57:10,727 [Worker-17: Download sources and javadoc] INFO  o.e.m.c.i.e.AbstractTransferListenerAdapter - Downloading https://repo.maven.apache.org/maven2/com/fasterxml/jackson/core/jackson-core/2.15.2/jackson-core-2.15.2-sources.jar
2023-08-07 09:57:10,950 [Worker-17: Download sources and javadoc] INFO  o.e.m.c.i.e.AbstractTransferListenerAdapter - Downloaded https://repo.maven.apache.org/maven2/com/fasterxml/jackson/core/jackson-core/2.15.2/jackson-core-2.15.2-sources.jar
2023-08-07 09:57:10,952 [Worker-17: Download sources and javadoc] INFO  o.e.m.j.internal.DownloadSourcesJob - Downloaded sources for com.fasterxml.jackson.core:jackson-core:2.15.2
2023-08-07 09:57:11,248 [Worker-17: Download sources and javadoc] INFO  o.e.m.c.i.e.AbstractTransferListenerAdapter - Downloading https://repo.maven.apache.org/maven2/com/fasterxml/jackson/datatype/jackson-datatype-jdk8/2.15.2/jackson-datatype-jdk8-2.15.2-sources.jar
2023-08-07 09:57:11,363 [Worker-17: Download sources and javadoc] INFO  o.e.m.c.i.e.AbstractTransferListenerAdapter - Downloaded https://repo.maven.apache.org/maven2/com/fasterxml/jackson/datatype/jackson-datatype-jdk8/2.15.2/jackson-datatype-jdk8-2.15.2-sources.jar
2023-08-07 09:57:11,364 [Worker-17: Download sources and javadoc] INFO  o.e.m.j.internal.DownloadSourcesJob - Downloaded sources for com.fasterxml.jackson.datatype:jackson-datatype-jdk8:2.15.2
2023-08-07 09:57:11,697 [Worker-17: Download sources and javadoc] INFO  o.e.m.c.i.e.AbstractTransferListenerAdapter - Downloading https://repo.maven.apache.org/maven2/com/fasterxml/jackson/datatype/jackson-datatype-jsr310/2.15.2/jackson-datatype-jsr310-2.15.2-sources.jar
2023-08-07 09:57:11,818 [Worker-17: Download sources and javadoc] INFO  o.e.m.c.i.e.AbstractTransferListenerAdapter - Downloaded https://repo.maven.apache.org/maven2/com/fasterxml/jackson/datatype/jackson-datatype-jsr310/2.15.2/jackson-datatype-jsr310-2.15.2-sources.jar
2023-08-07 09:57:11,821 [Worker-17: Download sources and javadoc] INFO  o.e.m.j.internal.DownloadSourcesJob - Downloaded sources for com.fasterxml.jackson.datatype:jackson-datatype-jsr310:2.15.2
2023-08-07 09:57:12,133 [Worker-17: Download sources and javadoc] INFO  o.e.m.c.i.e.AbstractTransferListenerAdapter - Downloading https://repo.maven.apache.org/maven2/com/fasterxml/jackson/module/jackson-module-parameter-names/2.15.2/jackson-module-parameter-names-2.15.2-sources.jar
2023-08-07 09:57:12,227 [Worker-17: Download sources and javadoc] INFO  o.e.m.c.i.e.AbstractTransferListenerAdapter - Downloaded https://repo.maven.apache.org/maven2/com/fasterxml/jackson/module/jackson-module-parameter-names/2.15.2/jackson-module-parameter-names-2.15.2-sources.jar
2023-08-07 09:57:12,229 [Worker-17: Download sources and javadoc] INFO  o.e.m.j.internal.DownloadSourcesJob - Downloaded sources for com.fasterxml.jackson.module:jackson-module-parameter-names:2.15.2
2023-08-07 09:57:12,527 [Worker-17: Download sources and javadoc] INFO  o.e.m.c.i.e.AbstractTransferListenerAdapter - Downloading https://repo.maven.apache.org/maven2/org/springframework/boot/spring-boot-starter-tomcat/3.1.1/spring-boot-starter-tomcat-3.1.1-sources.jar
2023-08-07 09:57:12,616 [Worker-17: Download sources and javadoc] INFO  o.e.m.c.i.e.AbstractTransferListenerAdapter - Downloaded https://repo.maven.apache.org/maven2/org/springframework/boot/spring-boot-starter-tomcat/3.1.1/spring-boot-starter-tomcat-3.1.1-sources.jar
2023-08-07 09:57:12,619 [Worker-17: Download sources and javadoc] INFO  o.e.m.j.internal.DownloadSourcesJob - Downloaded sources for org.springframework.boot:spring-boot-starter-tomcat:3.1.1
2023-08-07 09:57:12,907 [Worker-17: Download sources and javadoc] INFO  o.e.m.c.i.e.AbstractTransferListenerAdapter - Downloading https://repo.maven.apache.org/maven2/org/apache/tomcat/embed/tomcat-embed-core/10.1.10/tomcat-embed-core-10.1.10-sources.jar
2023-08-07 09:57:13,598 [Worker-17: Download sources and javadoc] INFO  o.e.m.c.i.e.AbstractTransferListenerAdapter - Downloaded https://repo.maven.apache.org/maven2/org/apache/tomcat/embed/tomcat-embed-core/10.1.10/tomcat-embed-core-10.1.10-sources.jar
2023-08-07 09:57:13,601 [Worker-17: Download sources and javadoc] INFO  o.e.m.j.internal.DownloadSourcesJob - Downloaded sources for org.apache.tomcat.embed:tomcat-embed-core:10.1.10
2023-08-07 09:57:13,895 [Worker-17: Download sources and javadoc] INFO  o.e.m.c.i.e.AbstractTransferListenerAdapter - Downloading https://repo.maven.apache.org/maven2/org/apache/tomcat/embed/tomcat-embed-el/10.1.10/tomcat-embed-el-10.1.10-sources.jar
2023-08-07 09:57:14,064 [Worker-17: Download sources and javadoc] INFO  o.e.m.c.i.e.AbstractTransferListenerAdapter - Downloaded https://repo.maven.apache.org/maven2/org/apache/tomcat/embed/tomcat-embed-el/10.1.10/tomcat-embed-el-10.1.10-sources.jar
2023-08-07 09:57:14,067 [Worker-17: Download sources and javadoc] INFO  o.e.m.j.internal.DownloadSourcesJob - Downloaded sources for org.apache.tomcat.embed:tomcat-embed-el:10.1.10
2023-08-07 09:57:14,351 [Worker-17: Download sources and javadoc] INFO  o.e.m.c.i.e.AbstractTransferListenerAdapter - Downloading https://repo.maven.apache.org/maven2/org/apache/tomcat/embed/tomcat-embed-websocket/10.1.10/tomcat-embed-websocket-10.1.10-sources.jar
2023-08-07 09:57:14,538 [Worker-17: Download sources and javadoc] INFO  o.e.m.c.i.e.AbstractTransferListenerAdapter - Downloaded https://repo.maven.apache.org/maven2/org/apache/tomcat/embed/tomcat-embed-websocket/10.1.10/tomcat-embed-websocket-10.1.10-sources.jar
2023-08-07 09:57:14,539 [Worker-17: Download sources and javadoc] INFO  o.e.m.j.internal.DownloadSourcesJob - Downloaded sources for org.apache.tomcat.embed:tomcat-embed-websocket:10.1.10
2023-08-07 09:57:14,883 [Worker-17: Download sources and javadoc] INFO  o.e.m.c.i.e.AbstractTransferListenerAdapter - Downloading https://repo.maven.apache.org/maven2/org/springframework/spring-web/6.0.10/spring-web-6.0.10-sources.jar
2023-08-07 09:57:15,202 [Worker-17: Download sources and javadoc] INFO  o.e.m.c.i.e.AbstractTransferListenerAdapter - Downloaded https://repo.maven.apache.org/maven2/org/springframework/spring-web/6.0.10/spring-web-6.0.10-sources.jar
2023-08-07 09:57:15,203 [Worker-17: Download sources and javadoc] INFO  o.e.m.j.internal.DownloadSourcesJob - Downloaded sources for org.springframework:spring-web:6.0.10
2023-08-07 09:57:15,481 [Worker-17: Download sources and javadoc] INFO  o.e.m.c.i.e.AbstractTransferListenerAdapter - Downloading https://repo.maven.apache.org/maven2/io/micrometer/micrometer-observation/1.11.1/micrometer-observation-1.11.1-sources.jar
2023-08-07 09:57:15,584 [Worker-17: Download sources and javadoc] INFO  o.e.m.c.i.e.AbstractTransferListenerAdapter - Downloaded https://repo.maven.apache.org/maven2/io/micrometer/micrometer-observation/1.11.1/micrometer-observation-1.11.1-sources.jar
2023-08-07 09:57:15,587 [Worker-17: Download sources and javadoc] INFO  o.e.m.j.internal.DownloadSourcesJob - Downloaded sources for io.micrometer:micrometer-observation:1.11.1
2023-08-07 09:57:15,868 [Worker-17: Download sources and javadoc] INFO  o.e.m.c.i.e.AbstractTransferListenerAdapter - Downloading https://repo.maven.apache.org/maven2/io/micrometer/micrometer-commons/1.11.1/micrometer-commons-1.11.1-sources.jar
2023-08-07 09:57:15,966 [Worker-17: Download sources and javadoc] INFO  o.e.m.c.i.e.AbstractTransferListenerAdapter - Downloaded https://repo.maven.apache.org/maven2/io/micrometer/micrometer-commons/1.11.1/micrometer-commons-1.11.1-sources.jar
2023-08-07 09:57:15,969 [Worker-17: Download sources and javadoc] INFO  o.e.m.j.internal.DownloadSourcesJob - Downloaded sources for io.micrometer:micrometer-commons:1.11.1
2023-08-07 09:57:16,257 [Worker-17: Download sources and javadoc] INFO  o.e.m.c.i.e.AbstractTransferListenerAdapter - Downloading https://repo.maven.apache.org/maven2/org/springframework/spring-webmvc/6.0.10/spring-webmvc-6.0.10-sources.jar
2023-08-07 09:57:16,535 [Worker-17: Download sources and javadoc] INFO  o.e.m.c.i.e.AbstractTransferListenerAdapter - Downloaded https://repo.maven.apache.org/maven2/org/springframework/spring-webmvc/6.0.10/spring-webmvc-6.0.10-sources.jar
2023-08-07 09:57:16,537 [Worker-17: Download sources and javadoc] INFO  o.e.m.j.internal.DownloadSourcesJob - Downloaded sources for org.springframework:spring-webmvc:6.0.10
2023-08-07 09:57:16,812 [Worker-17: Download sources and javadoc] INFO  o.e.m.c.i.e.AbstractTransferListenerAdapter - Downloading https://repo.maven.apache.org/maven2/org/springframework/spring-expression/6.0.10/spring-expression-6.0.10-sources.jar
2023-08-07 09:57:16,984 [Worker-17: Download sources and javadoc] INFO  o.e.m.c.i.e.AbstractTransferListenerAdapter - Downloaded https://repo.maven.apache.org/maven2/org/springframework/spring-expression/6.0.10/spring-expression-6.0.10-sources.jar
2023-08-07 09:57:16,985 [Worker-17: Download sources and javadoc] INFO  o.e.m.j.internal.DownloadSourcesJob - Downloaded sources for org.springframework:spring-expression:6.0.10
2023-08-07 09:57:17,269 [Worker-17: Download sources and javadoc] INFO  o.e.m.c.i.e.AbstractTransferListenerAdapter - Downloading https://repo.maven.apache.org/maven2/org/springframework/boot/spring-boot-devtools/3.1.1/spring-boot-devtools-3.1.1-sources.jar
2023-08-07 09:57:17,435 [Worker-17: Download sources and javadoc] INFO  o.e.m.c.i.e.AbstractTransferListenerAdapter - Downloaded https://repo.maven.apache.org/maven2/org/springframework/boot/spring-boot-devtools/3.1.1/spring-boot-devtools-3.1.1-sources.jar
2023-08-07 09:57:17,438 [Worker-17: Download sources and javadoc] INFO  o.e.m.j.internal.DownloadSourcesJob - Downloaded sources for org.springframework.boot:spring-boot-devtools:3.1.1
2023-08-07 09:57:17,710 [Worker-17: Download sources and javadoc] INFO  o.e.m.c.i.e.AbstractTransferListenerAdapter - Downloading https://repo.maven.apache.org/maven2/org/springframework/boot/spring-boot/3.1.1/spring-boot-3.1.1-sources.jar
2023-08-07 09:57:18,008 [Worker-17: Download sources and javadoc] INFO  o.e.m.c.i.e.AbstractTransferListenerAdapter - Downloaded https://repo.maven.apache.org/maven2/org/springframework/boot/spring-boot/3.1.1/spring-boot-3.1.1-sources.jar
2023-08-07 09:57:18,010 [Worker-17: Download sources and javadoc] INFO  o.e.m.j.internal.DownloadSourcesJob - Downloaded sources for org.springframework.boot:spring-boot:3.1.1
2023-08-07 09:57:18,277 [Worker-17: Download sources and javadoc] INFO  o.e.m.c.i.e.AbstractTransferListenerAdapter - Downloading https://repo.maven.apache.org/maven2/org/springframework/boot/spring-boot-autoconfigure/3.1.1/spring-boot-autoconfigure-3.1.1-sources.jar
2023-08-07 09:57:18,567 [Worker-17: Download sources and javadoc] INFO  o.e.m.c.i.e.AbstractTransferListenerAdapter - Downloaded https://repo.maven.apache.org/maven2/org/springframework/boot/spring-boot-autoconfigure/3.1.1/spring-boot-autoconfigure-3.1.1-sources.jar
2023-08-07 09:57:18,567 [Worker-17: Download sources and javadoc] INFO  o.e.m.j.internal.DownloadSourcesJob - Downloaded sources for org.springframework.boot:spring-boot-autoconfigure:3.1.1
2023-08-07 09:57:18,857 [Worker-17: Download sources and javadoc] INFO  o.e.m.c.i.e.AbstractTransferListenerAdapter - Downloading https://repo.maven.apache.org/maven2/com/h2database/h2/2.1.214/h2-2.1.214-sources.jar
2023-08-07 09:57:19,333 [Worker-17: Download sources and javadoc] INFO  o.e.m.c.i.e.AbstractTransferListenerAdapter - Downloaded https://repo.maven.apache.org/maven2/com/h2database/h2/2.1.214/h2-2.1.214-sources.jar
2023-08-07 09:57:19,336 [Worker-17: Download sources and javadoc] INFO  o.e.m.j.internal.DownloadSourcesJob - Downloaded sources for com.h2database:h2:2.1.214
2023-08-07 09:57:19,615 [Worker-17: Download sources and javadoc] INFO  o.e.m.c.i.e.AbstractTransferListenerAdapter - Downloading https://repo.maven.apache.org/maven2/org/springframework/boot/spring-boot-starter-test/3.1.1/spring-boot-starter-test-3.1.1-sources.jar
2023-08-07 09:57:19,713 [Worker-17: Download sources and javadoc] INFO  o.e.m.c.i.e.AbstractTransferListenerAdapter - Downloaded https://repo.maven.apache.org/maven2/org/springframework/boot/spring-boot-starter-test/3.1.1/spring-boot-starter-test-3.1.1-sources.jar
2023-08-07 09:57:19,715 [Worker-17: Download sources and javadoc] INFO  o.e.m.j.internal.DownloadSourcesJob - Downloaded sources for org.springframework.boot:spring-boot-starter-test:3.1.1
2023-08-07 09:57:20,004 [Worker-17: Download sources and javadoc] INFO  o.e.m.c.i.e.AbstractTransferListenerAdapter - Downloading https://repo.maven.apache.org/maven2/org/springframework/boot/spring-boot-test/3.1.1/spring-boot-test-3.1.1-sources.jar
2023-08-07 09:57:20,173 [Worker-17: Download sources and javadoc] INFO  o.e.m.c.i.e.AbstractTransferListenerAdapter - Downloaded https://repo.maven.apache.org/maven2/org/springframework/boot/spring-boot-test/3.1.1/spring-boot-test-3.1.1-sources.jar
2023-08-07 09:57:20,174 [Worker-17: Download sources and javadoc] INFO  o.e.m.j.internal.DownloadSourcesJob - Downloaded sources for org.springframework.boot:spring-boot-test:3.1.1
2023-08-07 09:57:20,438 [Worker-17: Download sources and javadoc] INFO  o.e.m.c.i.e.AbstractTransferListenerAdapter - Downloading https://repo.maven.apache.org/maven2/org/springframework/boot/spring-boot-test-autoconfigure/3.1.1/spring-boot-test-autoconfigure-3.1.1-sources.jar
2023-08-07 09:57:20,607 [Worker-17: Download sources and javadoc] INFO  o.e.m.c.i.e.AbstractTransferListenerAdapter - Downloaded https://repo.maven.apache.org/maven2/org/springframework/boot/spring-boot-test-autoconfigure/3.1.1/spring-boot-test-autoconfigure-3.1.1-sources.jar
2023-08-07 09:57:20,610 [Worker-17: Download sources and javadoc] INFO  o.e.m.j.internal.DownloadSourcesJob - Downloaded sources for org.springframework.boot:spring-boot-test-autoconfigure:3.1.1
2023-08-07 09:57:20,883 [Worker-17: Download sources and javadoc] INFO  o.e.m.c.i.e.AbstractTransferListenerAdapter - Downloading https://repo.maven.apache.org/maven2/com/jayway/jsonpath/json-path/2.8.0/json-path-2.8.0-sources.jar
2023-08-07 09:57:21,064 [Worker-17: Download sources and javadoc] INFO  o.e.m.c.i.e.AbstractTransferListenerAdapter - Downloaded https://repo.maven.apache.org/maven2/com/jayway/jsonpath/json-path/2.8.0/json-path-2.8.0-sources.jar
2023-08-07 09:57:21,065 [Worker-17: Download sources and javadoc] INFO  o.e.m.j.internal.DownloadSourcesJob - Downloaded sources for com.jayway.jsonpath:json-path:2.8.0
2023-08-07 09:57:21,350 [Worker-17: Download sources and javadoc] INFO  o.e.m.c.i.e.AbstractTransferListenerAdapter - Downloading https://repo.maven.apache.org/maven2/jakarta/xml/bind/jakarta.xml.bind-api/4.0.0/jakarta.xml.bind-api-4.0.0-sources.jar
2023-08-07 09:57:21,526 [Worker-17: Download sources and javadoc] INFO  o.e.m.c.i.e.AbstractTransferListenerAdapter - Downloaded https://repo.maven.apache.org/maven2/jakarta/xml/bind/jakarta.xml.bind-api/4.0.0/jakarta.xml.bind-api-4.0.0-sources.jar
2023-08-07 09:57:21,528 [Worker-17: Download sources and javadoc] INFO  o.e.m.j.internal.DownloadSourcesJob - Downloaded sources for jakarta.xml.bind:jakarta.xml.bind-api:4.0.0
2023-08-07 09:57:21,824 [Worker-17: Download sources and javadoc] INFO  o.e.m.c.i.e.AbstractTransferListenerAdapter - Downloading https://repo.maven.apache.org/maven2/jakarta/activation/jakarta.activation-api/2.1.2/jakarta.activation-api-2.1.2-sources.jar
2023-08-07 09:57:21,935 [Worker-17: Download sources and javadoc] INFO  o.e.m.c.i.e.AbstractTransferListenerAdapter - Downloaded https://repo.maven.apache.org/maven2/jakarta/activation/jakarta.activation-api/2.1.2/jakarta.activation-api-2.1.2-sources.jar
2023-08-07 09:57:21,938 [Worker-17: Download sources and javadoc] INFO  o.e.m.j.internal.DownloadSourcesJob - Downloaded sources for jakarta.activation:jakarta.activation-api:2.1.2
2023-08-07 09:57:22,214 [Worker-17: Download sources and javadoc] INFO  o.e.m.c.i.e.AbstractTransferListenerAdapter - Downloading https://repo.maven.apache.org/maven2/net/minidev/json-smart/2.4.11/json-smart-2.4.11-sources.jar
2023-08-07 09:57:22,322 [Worker-17: Download sources and javadoc] INFO  o.e.m.c.i.e.AbstractTransferListenerAdapter - Downloaded https://repo.maven.apache.org/maven2/net/minidev/json-smart/2.4.11/json-smart-2.4.11-sources.jar
2023-08-07 09:57:22,324 [Worker-17: Download sources and javadoc] INFO  o.e.m.j.internal.DownloadSourcesJob - Downloaded sources for net.minidev:json-smart:2.4.11
2023-08-07 09:57:22,616 [Worker-17: Download sources and javadoc] INFO  o.e.m.c.i.e.AbstractTransferListenerAdapter - Downloading https://repo.maven.apache.org/maven2/net/minidev/accessors-smart/2.4.11/accessors-smart-2.4.11-sources.jar
2023-08-07 09:57:22,710 [Worker-17: Download sources and javadoc] INFO  o.e.m.c.i.e.AbstractTransferListenerAdapter - Downloaded https://repo.maven.apache.org/maven2/net/minidev/accessors-smart/2.4.11/accessors-smart-2.4.11-sources.jar
2023-08-07 09:57:22,713 [Worker-17: Download sources and javadoc] INFO  o.e.m.j.internal.DownloadSourcesJob - Downloaded sources for net.minidev:accessors-smart:2.4.11
2023-08-07 09:57:22,992 [Worker-17: Download sources and javadoc] INFO  o.e.m.c.i.e.AbstractTransferListenerAdapter - Downloading https://repo.maven.apache.org/maven2/org/ow2/asm/asm/9.3/asm-9.3-sources.jar
2023-08-07 09:57:23,167 [Worker-17: Download sources and javadoc] INFO  o.e.m.c.i.e.AbstractTransferListenerAdapter - Downloaded https://repo.maven.apache.org/maven2/org/ow2/asm/asm/9.3/asm-9.3-sources.jar
2023-08-07 09:57:23,169 [Worker-17: Download sources and javadoc] INFO  o.e.m.j.internal.DownloadSourcesJob - Downloaded sources for org.ow2.asm:asm:9.3
2023-08-07 09:57:23,454 [Worker-17: Download sources and javadoc] INFO  o.e.m.c.i.e.AbstractTransferListenerAdapter - Downloading https://repo.maven.apache.org/maven2/org/assertj/assertj-core/3.24.2/assertj-core-3.24.2-sources.jar
2023-08-07 09:57:23,782 [Worker-17: Download sources and javadoc] INFO  o.e.m.c.i.e.AbstractTransferListenerAdapter - Downloaded https://repo.maven.apache.org/maven2/org/assertj/assertj-core/3.24.2/assertj-core-3.24.2-sources.jar
2023-08-07 09:57:23,783 [Worker-17: Download sources and javadoc] INFO  o.e.m.j.internal.DownloadSourcesJob - Downloaded sources for org.assertj:assertj-core:3.24.2
2023-08-07 09:57:24,046 [Worker-17: Download sources and javadoc] INFO  o.e.m.c.i.e.AbstractTransferListenerAdapter - Downloading https://repo.maven.apache.org/maven2/org/hamcrest/hamcrest/2.2/hamcrest-2.2-sources.jar
2023-08-07 09:57:24,163 [Worker-17: Download sources and javadoc] INFO  o.e.m.c.i.e.AbstractTransferListenerAdapter - Downloaded https://repo.maven.apache.org/maven2/org/hamcrest/hamcrest/2.2/hamcrest-2.2-sources.jar
2023-08-07 09:57:24,164 [Worker-17: Download sources and javadoc] INFO  o.e.m.j.internal.DownloadSourcesJob - Downloaded sources for org.hamcrest:hamcrest:2.2
2023-08-07 09:57:24,461 [Worker-17: Download sources and javadoc] INFO  o.e.m.c.i.e.AbstractTransferListenerAdapter - Downloading https://repo.maven.apache.org/maven2/org/junit/jupiter/junit-jupiter/5.9.3/junit-jupiter-5.9.3-sources.jar
2023-08-07 09:57:24,553 [Worker-17: Download sources and javadoc] INFO  o.e.m.c.i.e.AbstractTransferListenerAdapter - Downloaded https://repo.maven.apache.org/maven2/org/junit/jupiter/junit-jupiter/5.9.3/junit-jupiter-5.9.3-sources.jar
2023-08-07 09:57:24,556 [Worker-17: Download sources and javadoc] INFO  o.e.m.j.internal.DownloadSourcesJob - Downloaded sources for org.junit.jupiter:junit-jupiter:5.9.3
2023-08-07 09:57:24,830 [Worker-17: Download sources and javadoc] INFO  o.e.m.c.i.e.AbstractTransferListenerAdapter - Downloading https://repo.maven.apache.org/maven2/org/junit/jupiter/junit-jupiter-api/5.9.3/junit-jupiter-api-5.9.3-sources.jar
2023-08-07 09:57:25,006 [Worker-17: Download sources and javadoc] INFO  o.e.m.c.i.e.AbstractTransferListenerAdapter - Downloaded https://repo.maven.apache.org/maven2/org/junit/jupiter/junit-jupiter-api/5.9.3/junit-jupiter-api-5.9.3-sources.jar
2023-08-07 09:57:25,009 [Worker-17: Download sources and javadoc] INFO  o.e.m.j.internal.DownloadSourcesJob - Downloaded sources for org.junit.jupiter:junit-jupiter-api:5.9.3
2023-08-07 09:57:25,289 [Worker-17: Download sources and javadoc] INFO  o.e.m.c.i.e.AbstractTransferListenerAdapter - Downloading https://repo.maven.apache.org/maven2/org/opentest4j/opentest4j/1.2.0/opentest4j-1.2.0-sources.jar
2023-08-07 09:57:25,386 [Worker-17: Download sources and javadoc] INFO  o.e.m.c.i.e.AbstractTransferListenerAdapter - Downloaded https://repo.maven.apache.org/maven2/org/opentest4j/opentest4j/1.2.0/opentest4j-1.2.0-sources.jar
2023-08-07 09:57:25,389 [Worker-17: Download sources and javadoc] INFO  o.e.m.j.internal.DownloadSourcesJob - Downloaded sources for org.opentest4j:opentest4j:1.2.0
2023-08-07 09:57:25,680 [Worker-17: Download sources and javadoc] INFO  o.e.m.c.i.e.AbstractTransferListenerAdapter - Downloading https://repo.maven.apache.org/maven2/org/junit/platform/junit-platform-commons/1.9.3/junit-platform-commons-1.9.3-sources.jar
2023-08-07 09:57:25,813 [Worker-17: Download sources and javadoc] INFO  o.e.m.c.i.e.AbstractTransferListenerAdapter - Downloaded https://repo.maven.apache.org/maven2/org/junit/platform/junit-platform-commons/1.9.3/junit-platform-commons-1.9.3-sources.jar
2023-08-07 09:57:25,814 [Worker-17: Download sources and javadoc] INFO  o.e.m.j.internal.DownloadSourcesJob - Downloaded sources for org.junit.platform:junit-platform-commons:1.9.3
2023-08-07 09:57:26,070 [Worker-17: Download sources and javadoc] INFO  o.e.m.c.i.e.AbstractTransferListenerAdapter - Downloading https://repo.maven.apache.org/maven2/org/apiguardian/apiguardian-api/1.1.2/apiguardian-api-1.1.2-sources.jar
2023-08-07 09:57:26,190 [Worker-17: Download sources and javadoc] INFO  o.e.m.c.i.e.AbstractTransferListenerAdapter - Downloaded https://repo.maven.apache.org/maven2/org/apiguardian/apiguardian-api/1.1.2/apiguardian-api-1.1.2-sources.jar
2023-08-07 09:57:26,192 [Worker-17: Download sources and javadoc] INFO  o.e.m.j.internal.DownloadSourcesJob - Downloaded sources for org.apiguardian:apiguardian-api:1.1.2
2023-08-07 09:57:26,475 [Worker-17: Download sources and javadoc] INFO  o.e.m.c.i.e.AbstractTransferListenerAdapter - Downloading https://repo.maven.apache.org/maven2/org/junit/jupiter/junit-jupiter-params/5.9.3/junit-jupiter-params-5.9.3-sources.jar
2023-08-07 09:57:26,586 [Worker-17: Download sources and javadoc] INFO  o.e.m.c.i.e.AbstractTransferListenerAdapter - Downloaded https://repo.maven.apache.org/maven2/org/junit/jupiter/junit-jupiter-params/5.9.3/junit-jupiter-params-5.9.3-sources.jar
2023-08-07 09:57:26,589 [Worker-17: Download sources and javadoc] INFO  o.e.m.j.internal.DownloadSourcesJob - Downloaded sources for org.junit.jupiter:junit-jupiter-params:5.9.3
2023-08-07 09:57:26,869 [Worker-17: Download sources and javadoc] INFO  o.e.m.c.i.e.AbstractTransferListenerAdapter - Downloading https://repo.maven.apache.org/maven2/org/junit/jupiter/junit-jupiter-engine/5.9.3/junit-jupiter-engine-5.9.3-sources.jar
2023-08-07 09:57:27,021 [Worker-17: Download sources and javadoc] INFO  o.e.m.c.i.e.AbstractTransferListenerAdapter - Downloaded https://repo.maven.apache.org/maven2/org/junit/jupiter/junit-jupiter-engine/5.9.3/junit-jupiter-engine-5.9.3-sources.jar
2023-08-07 09:57:27,023 [Worker-17: Download sources and javadoc] INFO  o.e.m.j.internal.DownloadSourcesJob - Downloaded sources for org.junit.jupiter:junit-jupiter-engine:5.9.3
2023-08-07 09:57:27,299 [Worker-17: Download sources and javadoc] INFO  o.e.m.c.i.e.AbstractTransferListenerAdapter - Downloading https://repo.maven.apache.org/maven2/org/junit/platform/junit-platform-engine/1.9.3/junit-platform-engine-1.9.3-sources.jar
2023-08-07 09:57:27,455 [Worker-17: Download sources and javadoc] INFO  o.e.m.c.i.e.AbstractTransferListenerAdapter - Downloaded https://repo.maven.apache.org/maven2/org/junit/platform/junit-platform-engine/1.9.3/junit-platform-engine-1.9.3-sources.jar
2023-08-07 09:57:27,456 [Worker-17: Download sources and javadoc] INFO  o.e.m.j.internal.DownloadSourcesJob - Downloaded sources for org.junit.platform:junit-platform-engine:1.9.3
2023-08-07 09:57:27,757 [Worker-17: Download sources and javadoc] INFO  o.e.m.c.i.e.AbstractTransferListenerAdapter - Downloading https://repo.maven.apache.org/maven2/org/mockito/mockito-core/5.3.1/mockito-core-5.3.1-sources.jar
2023-08-07 09:57:28,002 [Worker-17: Download sources and javadoc] INFO  o.e.m.c.i.e.AbstractTransferListenerAdapter - Downloaded https://repo.maven.apache.org/maven2/org/mockito/mockito-core/5.3.1/mockito-core-5.3.1-sources.jar
2023-08-07 09:57:28,003 [Worker-17: Download sources and javadoc] INFO  o.e.m.j.internal.DownloadSourcesJob - Downloaded sources for org.mockito:mockito-core:5.3.1
2023-08-07 09:57:28,279 [Worker-17: Download sources and javadoc] INFO  o.e.m.c.i.e.AbstractTransferListenerAdapter - Downloading https://repo.maven.apache.org/maven2/net/bytebuddy/byte-buddy-agent/1.14.5/byte-buddy-agent-1.14.5-sources.jar
2023-08-07 09:57:28,479 [Worker-17: Download sources and javadoc] INFO  o.e.m.c.i.e.AbstractTransferListenerAdapter - Downloaded https://repo.maven.apache.org/maven2/net/bytebuddy/byte-buddy-agent/1.14.5/byte-buddy-agent-1.14.5-sources.jar
2023-08-07 09:57:28,480 [Worker-17: Download sources and javadoc] INFO  o.e.m.j.internal.DownloadSourcesJob - Downloaded sources for net.bytebuddy:byte-buddy-agent:1.14.5
2023-08-07 09:57:28,803 [Worker-17: Download sources and javadoc] INFO  o.e.m.c.i.e.AbstractTransferListenerAdapter - Downloading https://repo.maven.apache.org/maven2/org/objenesis/objenesis/3.3/objenesis-3.3-sources.jar
2023-08-07 09:57:28,910 [Worker-17: Download sources and javadoc] INFO  o.e.m.c.i.e.AbstractTransferListenerAdapter - Downloaded https://repo.maven.apache.org/maven2/org/objenesis/objenesis/3.3/objenesis-3.3-sources.jar
2023-08-07 09:57:28,912 [Worker-17: Download sources and javadoc] INFO  o.e.m.j.internal.DownloadSourcesJob - Downloaded sources for org.objenesis:objenesis:3.3
2023-08-07 09:57:29,190 [Worker-17: Download sources and javadoc] INFO  o.e.m.c.i.e.AbstractTransferListenerAdapter - Downloading https://repo.maven.apache.org/maven2/org/mockito/mockito-junit-jupiter/5.3.1/mockito-junit-jupiter-5.3.1-sources.jar
2023-08-07 09:57:29,295 [Worker-17: Download sources and javadoc] INFO  o.e.m.c.i.e.AbstractTransferListenerAdapter - Downloaded https://repo.maven.apache.org/maven2/org/mockito/mockito-junit-jupiter/5.3.1/mockito-junit-jupiter-5.3.1-sources.jar
2023-08-07 09:57:29,297 [Worker-17: Download sources and javadoc] INFO  o.e.m.j.internal.DownloadSourcesJob - Downloaded sources for org.mockito:mockito-junit-jupiter:5.3.1
2023-08-07 09:57:29,577 [Worker-17: Download sources and javadoc] INFO  o.e.m.c.i.e.AbstractTransferListenerAdapter - Downloading https://repo.maven.apache.org/maven2/org/skyscreamer/jsonassert/1.5.1/jsonassert-1.5.1-sources.jar
2023-08-07 09:57:29,676 [Worker-17: Download sources and javadoc] INFO  o.e.m.c.i.e.AbstractTransferListenerAdapter - Downloaded https://repo.maven.apache.org/maven2/org/skyscreamer/jsonassert/1.5.1/jsonassert-1.5.1-sources.jar
2023-08-07 09:57:29,678 [Worker-17: Download sources and javadoc] INFO  o.e.m.j.internal.DownloadSourcesJob - Downloaded sources for org.skyscreamer:jsonassert:1.5.1
2023-08-07 09:57:29,960 [Worker-17: Download sources and javadoc] INFO  o.e.m.c.i.e.AbstractTransferListenerAdapter - Downloading https://repo.maven.apache.org/maven2/com/vaadin/external/google/android-json/0.0.20131108.vaadin1/android-json-0.0.20131108.vaadin1-sources.jar
2023-08-07 09:57:30,058 [Worker-17: Download sources and javadoc] INFO  o.e.m.c.i.e.AbstractTransferListenerAdapter - Downloaded https://repo.maven.apache.org/maven2/com/vaadin/external/google/android-json/0.0.20131108.vaadin1/android-json-0.0.20131108.vaadin1-sources.jar
2023-08-07 09:57:30,060 [Worker-17: Download sources and javadoc] INFO  o.e.m.j.internal.DownloadSourcesJob - Downloaded sources for com.vaadin.external.google:android-json:0.0.20131108.vaadin1
2023-08-07 09:57:30,365 [Worker-17: Download sources and javadoc] INFO  o.e.m.c.i.e.AbstractTransferListenerAdapter - Downloading https://repo.maven.apache.org/maven2/org/springframework/spring-core/6.0.10/spring-core-6.0.10-sources.jar
2023-08-07 09:57:30,701 [Worker-17: Download sources and javadoc] INFO  o.e.m.c.i.e.AbstractTransferListenerAdapter - Downloaded https://repo.maven.apache.org/maven2/org/springframework/spring-core/6.0.10/spring-core-6.0.10-sources.jar
2023-08-07 09:57:30,703 [Worker-17: Download sources and javadoc] INFO  o.e.m.j.internal.DownloadSourcesJob - Downloaded sources for org.springframework:spring-core:6.0.10
2023-08-07 09:57:30,977 [Worker-17: Download sources and javadoc] INFO  o.e.m.c.i.e.AbstractTransferListenerAdapter - Downloading https://repo.maven.apache.org/maven2/org/springframework/spring-jcl/6.0.10/spring-jcl-6.0.10-sources.jar
2023-08-07 09:57:31,083 [Worker-17: Download sources and javadoc] INFO  o.e.m.c.i.e.AbstractTransferListenerAdapter - Downloaded https://repo.maven.apache.org/maven2/org/springframework/spring-jcl/6.0.10/spring-jcl-6.0.10-sources.jar
2023-08-07 09:57:31,085 [Worker-17: Download sources and javadoc] INFO  o.e.m.j.internal.DownloadSourcesJob - Downloaded sources for org.springframework:spring-jcl:6.0.10
2023-08-07 09:57:31,362 [Worker-17: Download sources and javadoc] INFO  o.e.m.c.i.e.AbstractTransferListenerAdapter - Downloading https://repo.maven.apache.org/maven2/org/springframework/spring-test/6.0.10/spring-test-6.0.10-sources.jar
2023-08-07 09:57:31,627 [Worker-17: Download sources and javadoc] INFO  o.e.m.c.i.e.AbstractTransferListenerAdapter - Downloaded https://repo.maven.apache.org/maven2/org/springframework/spring-test/6.0.10/spring-test-6.0.10-sources.jar
2023-08-07 09:57:31,628 [Worker-17: Download sources and javadoc] INFO  o.e.m.j.internal.DownloadSourcesJob - Downloaded sources for org.springframework:spring-test:6.0.10
2023-08-07 09:57:31,928 [Worker-17: Download sources and javadoc] INFO  o.e.m.c.i.e.AbstractTransferListenerAdapter - Downloading https://repo.maven.apache.org/maven2/org/xmlunit/xmlunit-core/2.9.1/xmlunit-core-2.9.1-sources.jar
2023-08-07 09:57:32,080 [Worker-17: Download sources and javadoc] INFO  o.e.m.c.i.e.AbstractTransferListenerAdapter - Downloaded https://repo.maven.apache.org/maven2/org/xmlunit/xmlunit-core/2.9.1/xmlunit-core-2.9.1-sources.jar
2023-08-07 09:57:32,082 [Worker-17: Download sources and javadoc] INFO  o.e.m.j.internal.DownloadSourcesJob - Downloaded sources for org.xmlunit:xmlunit-core:2.9.1
2023-08-07 09:57:34,056 [main] INFO  o.e.m2e.actions.ExecutePomAction - Creating new launch configuration
2023-08-07 09:57:42,735 [Worker-17: Launching lab1] INFO  o.eclipse.m2e.core.internal.Bundles - getClasspathEntries(Bundle=org.eclipse.m2e.maven.runtime_3.8.604.20221130-2149 [583])
2023-08-07 09:57:42,738 [Worker-17: Launching lab1] INFO  o.eclipse.m2e.core.internal.Bundles - 	Entry: /snap/eclipse/67/plugins/org.eclipse.m2e.maven.runtime_3.8.604.20221130-2149
2023-08-07 09:57:42,738 [Worker-17: Launching lab1] INFO  o.eclipse.m2e.core.internal.Bundles - 	Entry: /snap/eclipse/67/plugins/org.eclipse.m2e.maven.runtime_3.8.604.20221130-2149/jars/aether-connector-okhttp-0.17.8.jar
2023-08-07 09:57:42,738 [Worker-17: Launching lab1] INFO  o.eclipse.m2e.core.internal.Bundles - 	Entry: /snap/eclipse/67/plugins/org.eclipse.m2e.maven.runtime_3.8.604.20221130-2149/jars/commons-cli-1.4.jar
2023-08-07 09:57:42,738 [Worker-17: Launching lab1] INFO  o.eclipse.m2e.core.internal.Bundles - 	Entry: /snap/eclipse/67/plugins/org.eclipse.m2e.maven.runtime_3.8.604.20221130-2149/jars/commons-io-2.6.jar
2023-08-07 09:57:42,738 [Worker-17: Launching lab1] INFO  o.eclipse.m2e.core.internal.Bundles - 	Entry: /snap/eclipse/67/plugins/org.eclipse.m2e.maven.runtime_3.8.604.20221130-2149/jars/commons-lang3-3.8.1.jar
2023-08-07 09:57:42,738 [Worker-17: Launching lab1] INFO  o.eclipse.m2e.core.internal.Bundles - 	Entry: /snap/eclipse/67/plugins/org.eclipse.m2e.maven.runtime_3.8.604.20221130-2149/jars/guice-4.2.2-no_aop.jar
2023-08-07 09:57:42,738 [Worker-17: Launching lab1] INFO  o.eclipse.m2e.core.internal.Bundles - 	Entry: /snap/eclipse/67/plugins/org.eclipse.m2e.maven.runtime_3.8.604.20221130-2149/jars/jansi-2.4.0.jar
2023-08-07 09:57:42,738 [Worker-17: Launching lab1] INFO  o.eclipse.m2e.core.internal.Bundles - 	Entry: /snap/eclipse/67/plugins/org.eclipse.m2e.maven.runtime_3.8.604.20221130-2149/jars/maven-artifact-3.8.6.jar
2023-08-07 09:57:42,739 [Worker-17: Launching lab1] INFO  o.eclipse.m2e.core.internal.Bundles - 	Entry: /snap/eclipse/67/plugins/org.eclipse.m2e.maven.runtime_3.8.604.20221130-2149/jars/maven-builder-support-3.8.6.jar
2023-08-07 09:57:42,739 [Worker-17: Launching lab1] INFO  o.eclipse.m2e.core.internal.Bundles - 	Entry: /snap/eclipse/67/plugins/org.eclipse.m2e.maven.runtime_3.8.604.20221130-2149/jars/maven-compat-3.8.6.jar
2023-08-07 09:57:42,739 [Worker-17: Launching lab1] INFO  o.eclipse.m2e.core.internal.Bundles - 	Entry: /snap/eclipse/67/plugins/org.eclipse.m2e.maven.runtime_3.8.604.20221130-2149/jars/maven-core-3.8.6.jar
2023-08-07 09:57:42,739 [Worker-17: Launching lab1] INFO  o.eclipse.m2e.core.internal.Bundles - 	Entry: /snap/eclipse/67/plugins/org.eclipse.m2e.maven.runtime_3.8.604.20221130-2149/jars/maven-embedder-3.8.6.jar
2023-08-07 09:57:42,739 [Worker-17: Launching lab1] INFO  o.eclipse.m2e.core.internal.Bundles - 	Entry: /snap/eclipse/67/plugins/org.eclipse.m2e.maven.runtime_3.8.604.20221130-2149/jars/maven-model-3.8.6.jar
2023-08-07 09:57:42,739 [Worker-17: Launching lab1] INFO  o.eclipse.m2e.core.internal.Bundles - 	Entry: /snap/eclipse/67/plugins/org.eclipse.m2e.maven.runtime_3.8.604.20221130-2149/jars/maven-model-builder-3.8.6.jar
2023-08-07 09:57:42,739 [Worker-17: Launching lab1] INFO  o.eclipse.m2e.core.internal.Bundles - 	Entry: /snap/eclipse/67/plugins/org.eclipse.m2e.maven.runtime_3.8.604.20221130-2149/jars/maven-plugin-api-3.8.6.jar
2023-08-07 09:57:42,739 [Worker-17: Launching lab1] INFO  o.eclipse.m2e.core.internal.Bundles - 	Entry: /snap/eclipse/67/plugins/org.eclipse.m2e.maven.runtime_3.8.604.20221130-2149/jars/maven-repository-metadata-3.8.6.jar
2023-08-07 09:57:42,739 [Worker-17: Launching lab1] INFO  o.eclipse.m2e.core.internal.Bundles - 	Entry: /snap/eclipse/67/plugins/org.eclipse.m2e.maven.runtime_3.8.604.20221130-2149/jars/maven-resolver-api-1.6.3.jar
2023-08-07 09:57:42,739 [Worker-17: Launching lab1] INFO  o.eclipse.m2e.core.internal.Bundles - 	Entry: /snap/eclipse/67/plugins/org.eclipse.m2e.maven.runtime_3.8.604.20221130-2149/jars/maven-resolver-connector-basic-1.6.3.jar
2023-08-07 09:57:42,739 [Worker-17: Launching lab1] INFO  o.eclipse.m2e.core.internal.Bundles - 	Entry: /snap/eclipse/67/plugins/org.eclipse.m2e.maven.runtime_3.8.604.20221130-2149/jars/maven-resolver-impl-1.6.3.jar
2023-08-07 09:57:42,739 [Worker-17: Launching lab1] INFO  o.eclipse.m2e.core.internal.Bundles - 	Entry: /snap/eclipse/67/plugins/org.eclipse.m2e.maven.runtime_3.8.604.20221130-2149/jars/maven-resolver-provider-3.8.6.jar
2023-08-07 09:57:42,739 [Worker-17: Launching lab1] INFO  o.eclipse.m2e.core.internal.Bundles - 	Entry: /snap/eclipse/67/plugins/org.eclipse.m2e.maven.runtime_3.8.604.20221130-2149/jars/maven-resolver-spi-1.6.3.jar
2023-08-07 09:57:42,739 [Worker-17: Launching lab1] INFO  o.eclipse.m2e.core.internal.Bundles - 	Entry: /snap/eclipse/67/plugins/org.eclipse.m2e.maven.runtime_3.8.604.20221130-2149/jars/maven-resolver-transport-wagon-1.6.3.jar
2023-08-07 09:57:42,739 [Worker-17: Launching lab1] INFO  o.eclipse.m2e.core.internal.Bundles - 	Entry: /snap/eclipse/67/plugins/org.eclipse.m2e.maven.runtime_3.8.604.20221130-2149/jars/maven-resolver-util-1.6.3.jar
2023-08-07 09:57:42,739 [Worker-17: Launching lab1] INFO  o.eclipse.m2e.core.internal.Bundles - 	Entry: /snap/eclipse/67/plugins/org.eclipse.m2e.maven.runtime_3.8.604.20221130-2149/jars/maven-settings-3.8.6.jar
2023-08-07 09:57:42,739 [Worker-17: Launching lab1] INFO  o.eclipse.m2e.core.internal.Bundles - 	Entry: /snap/eclipse/67/plugins/org.eclipse.m2e.maven.runtime_3.8.604.20221130-2149/jars/maven-settings-builder-3.8.6.jar
2023-08-07 09:57:42,739 [Worker-17: Launching lab1] INFO  o.eclipse.m2e.core.internal.Bundles - 	Entry: /snap/eclipse/67/plugins/org.eclipse.m2e.maven.runtime_3.8.604.20221130-2149/jars/maven-shared-utils-3.3.4.jar
2023-08-07 09:57:42,739 [Worker-17: Launching lab1] INFO  o.eclipse.m2e.core.internal.Bundles - 	Entry: /snap/eclipse/67/plugins/org.eclipse.m2e.maven.runtime_3.8.604.20221130-2149/jars/okhttp-3.14.1.jar
2023-08-07 09:57:42,740 [Worker-17: Launching lab1] INFO  o.eclipse.m2e.core.internal.Bundles - 	Entry: /snap/eclipse/67/plugins/org.eclipse.m2e.maven.runtime_3.8.604.20221130-2149/jars/okio-1.17.3.jar
2023-08-07 09:57:42,740 [Worker-17: Launching lab1] INFO  o.eclipse.m2e.core.internal.Bundles - 	Entry: /snap/eclipse/67/plugins/org.eclipse.m2e.maven.runtime_3.8.604.20221130-2149/jars/org.eclipse.sisu.inject-0.3.5.jar
2023-08-07 09:57:42,740 [Worker-17: Launching lab1] INFO  o.eclipse.m2e.core.internal.Bundles - 	Entry: /snap/eclipse/67/plugins/org.eclipse.m2e.maven.runtime_3.8.604.20221130-2149/jars/org.eclipse.sisu.plexus-0.3.5.jar
2023-08-07 09:57:42,740 [Worker-17: Launching lab1] INFO  o.eclipse.m2e.core.internal.Bundles - 	Entry: /snap/eclipse/67/plugins/org.eclipse.m2e.maven.runtime_3.8.604.20221130-2149/jars/plexus-build-api-0.0.7.jar
2023-08-07 09:57:42,740 [Worker-17: Launching lab1] INFO  o.eclipse.m2e.core.internal.Bundles - 	Entry: /snap/eclipse/67/plugins/org.eclipse.m2e.maven.runtime_3.8.604.20221130-2149/jars/plexus-cipher-2.0.jar
2023-08-07 09:57:42,740 [Worker-17: Launching lab1] INFO  o.eclipse.m2e.core.internal.Bundles - 	Entry: /snap/eclipse/67/plugins/org.eclipse.m2e.maven.runtime_3.8.604.20221130-2149/jars/plexus-classworlds-2.6.0.jar
2023-08-07 09:57:42,740 [Worker-17: Launching lab1] INFO  o.eclipse.m2e.core.internal.Bundles - 	Entry: /snap/eclipse/67/plugins/org.eclipse.m2e.maven.runtime_3.8.604.20221130-2149/jars/plexus-component-annotations-2.1.0.jar
2023-08-07 09:57:42,740 [Worker-17: Launching lab1] INFO  o.eclipse.m2e.core.internal.Bundles - 	Entry: /snap/eclipse/67/plugins/org.eclipse.m2e.maven.runtime_3.8.604.20221130-2149/jars/plexus-interpolation-1.26.jar
2023-08-07 09:57:42,740 [Worker-17: Launching lab1] INFO  o.eclipse.m2e.core.internal.Bundles - 	Entry: /snap/eclipse/67/plugins/org.eclipse.m2e.maven.runtime_3.8.604.20221130-2149/jars/plexus-sec-dispatcher-2.0.jar
2023-08-07 09:57:42,740 [Worker-17: Launching lab1] INFO  o.eclipse.m2e.core.internal.Bundles - 	Entry: /snap/eclipse/67/plugins/org.eclipse.m2e.maven.runtime_3.8.604.20221130-2149/jars/plexus-utils-3.3.1.jar
2023-08-07 09:57:42,740 [Worker-17: Launching lab1] INFO  o.eclipse.m2e.core.internal.Bundles - 	Entry: /snap/eclipse/67/plugins/org.eclipse.m2e.maven.runtime_3.8.604.20221130-2149/jars/wagon-file-3.5.1.jar
2023-08-07 09:57:42,740 [Worker-17: Launching lab1] INFO  o.eclipse.m2e.core.internal.Bundles - 	Entry: /snap/eclipse/67/plugins/org.eclipse.m2e.maven.runtime_3.8.604.20221130-2149/jars/wagon-provider-api-3.5.1.jar
2023-08-07 09:57:42,743 [Worker-17: Launching lab1] INFO  o.eclipse.m2e.core.internal.Bundles - getClasspathEntries(Bundle=com.google.guava_30.1.0.v20221112-0806 [435])
2023-08-07 09:57:42,744 [Worker-17: Launching lab1] INFO  o.eclipse.m2e.core.internal.Bundles - 	Entry: /snap/eclipse/67/plugins/com.google.guava_30.1.0.v20221112-0806.jar
2023-08-07 09:57:42,744 [Worker-17: Launching lab1] INFO  o.eclipse.m2e.core.internal.Bundles - getClasspathEntries(Bundle=slf4j.api_1.7.36 [646])
2023-08-07 09:57:42,744 [Worker-17: Launching lab1] INFO  o.eclipse.m2e.core.internal.Bundles - 	Entry: /snap/eclipse/67/plugins/slf4j.api_1.7.36.jar
2023-08-07 09:57:42,744 [Worker-17: Launching lab1] INFO  o.eclipse.m2e.core.internal.Bundles - getClasspathEntries(Bundle=javax.inject_1.0.0.v20220405-0441 [17])
2023-08-07 09:57:42,744 [Worker-17: Launching lab1] INFO  o.eclipse.m2e.core.internal.Bundles - 	Entry: /snap/eclipse/67/plugins/javax.inject_1.0.0.v20220405-0441.jar
2023-08-07 09:57:42,744 [Worker-17: Launching lab1] INFO  o.eclipse.m2e.core.internal.Bundles - getClasspathEntries(Bundle=javax.annotation_1.3.5.v20221112-0806 [440])
2023-08-07 09:57:42,745 [Worker-17: Launching lab1] INFO  o.eclipse.m2e.core.internal.Bundles - 	Entry: /snap/eclipse/67/plugins/javax.annotation_1.3.5.v20221112-0806.jar
2023-08-07 09:57:42,747 [Worker-17: Launching lab1] INFO  o.e.m.i.launch.MavenLaunchDelegate - Run build in "/home/harsh/Study/Sem5/CICD/lab1":
2023-08-07 09:57:42,751 [Worker-17: Launching lab1] INFO  o.e.m.i.launch.MavenLaunchDelegate -  mvn  -B -Dstyle.color=always clean install
2023-08-07 10:01:58,340 [main] INFO  o.e.m2e.actions.ExecutePomAction - Creating new launch configuration
2023-08-07 10:02:01,002 [Worker-15: Launching lab1 (1)] INFO  o.e.m.i.launch.MavenLaunchDelegate - Run build in "/home/harsh/Study/Sem5/CICD/lab1":
2023-08-07 10:02:01,002 [Worker-15: Launching lab1 (1)] INFO  o.e.m.i.launch.MavenLaunchDelegate -  mvn  -B -Dstyle.color=always clean
2023-08-07 10:02:18,467 [main] INFO  o.e.m2e.actions.ExecutePomAction - Creating new launch configuration
2023-08-07 10:02:21,662 [Worker-21: Launching lab1 (2)] INFO  o.e.m.i.launch.MavenLaunchDelegate - Run build in "/home/harsh/Study/Sem5/CICD/lab1":
2023-08-07 10:02:21,662 [Worker-21: Launching lab1 (2)] INFO  o.e.m.i.launch.MavenLaunchDelegate -  mvn  -B -Dstyle.color=always install
2023-08-07 10:30:11,889 [Worker-1: Loading available Gradle versions] INFO  o.e.b.c.i.u.g.PublishedGradleVersions - Gradle version information cache is up-to-date. Trying to read.
2023-08-07 10:30:29,536 [main] INFO  o.e.m2e.actions.ExecutePomAction - Creating new launch configuration
2023-08-07 10:30:33,349 [Worker-9: Launching lab1 (3)] INFO  o.eclipse.m2e.core.internal.Bundles - getClasspathEntries(Bundle=org.eclipse.m2e.maven.runtime_3.8.604.20221130-2149 [583])
2023-08-07 10:30:33,354 [Worker-9: Launching lab1 (3)] INFO  o.eclipse.m2e.core.internal.Bundles - 	Entry: /snap/eclipse/67/plugins/org.eclipse.m2e.maven.runtime_3.8.604.20221130-2149
2023-08-07 10:30:33,357 [Worker-9: Launching lab1 (3)] INFO  o.eclipse.m2e.core.internal.Bundles - 	Entry: /snap/eclipse/67/plugins/org.eclipse.m2e.maven.runtime_3.8.604.20221130-2149/jars/aether-connector-okhttp-0.17.8.jar
2023-08-07 10:30:33,357 [Worker-9: Launching lab1 (3)] INFO  o.eclipse.m2e.core.internal.Bundles - 	Entry: /snap/eclipse/67/plugins/org.eclipse.m2e.maven.runtime_3.8.604.20221130-2149/jars/commons-cli-1.4.jar
2023-08-07 10:30:33,358 [Worker-9: Launching lab1 (3)] INFO  o.eclipse.m2e.core.internal.Bundles - 	Entry: /snap/eclipse/67/plugins/org.eclipse.m2e.maven.runtime_3.8.604.20221130-2149/jars/commons-io-2.6.jar
2023-08-07 10:30:33,358 [Worker-9: Launching lab1 (3)] INFO  o.eclipse.m2e.core.internal.Bundles - 	Entry: /snap/eclipse/67/plugins/org.eclipse.m2e.maven.runtime_3.8.604.20221130-2149/jars/commons-lang3-3.8.1.jar
2023-08-07 10:30:33,358 [Worker-9: Launching lab1 (3)] INFO  o.eclipse.m2e.core.internal.Bundles - 	Entry: /snap/eclipse/67/plugins/org.eclipse.m2e.maven.runtime_3.8.604.20221130-2149/jars/guice-4.2.2-no_aop.jar
2023-08-07 10:30:33,358 [Worker-9: Launching lab1 (3)] INFO  o.eclipse.m2e.core.internal.Bundles - 	Entry: /snap/eclipse/67/plugins/org.eclipse.m2e.maven.runtime_3.8.604.20221130-2149/jars/jansi-2.4.0.jar
2023-08-07 10:30:33,358 [Worker-9: Launching lab1 (3)] INFO  o.eclipse.m2e.core.internal.Bundles - 	Entry: /snap/eclipse/67/plugins/org.eclipse.m2e.maven.runtime_3.8.604.20221130-2149/jars/maven-artifact-3.8.6.jar
2023-08-07 10:30:33,358 [Worker-9: Launching lab1 (3)] INFO  o.eclipse.m2e.core.internal.Bundles - 	Entry: /snap/eclipse/67/plugins/org.eclipse.m2e.maven.runtime_3.8.604.20221130-2149/jars/maven-builder-support-3.8.6.jar
2023-08-07 10:30:33,358 [Worker-9: Launching lab1 (3)] INFO  o.eclipse.m2e.core.internal.Bundles - 	Entry: /snap/eclipse/67/plugins/org.eclipse.m2e.maven.runtime_3.8.604.20221130-2149/jars/maven-compat-3.8.6.jar
2023-08-07 10:30:33,358 [Worker-9: Launching lab1 (3)] INFO  o.eclipse.m2e.core.internal.Bundles - 	Entry: /snap/eclipse/67/plugins/org.eclipse.m2e.maven.runtime_3.8.604.20221130-2149/jars/maven-core-3.8.6.jar
2023-08-07 10:30:33,359 [Worker-9: Launching lab1 (3)] INFO  o.eclipse.m2e.core.internal.Bundles - 	Entry: /snap/eclipse/67/plugins/org.eclipse.m2e.maven.runtime_3.8.604.20221130-2149/jars/maven-embedder-3.8.6.jar
2023-08-07 10:30:33,359 [Worker-9: Launching lab1 (3)] INFO  o.eclipse.m2e.core.internal.Bundles - 	Entry: /snap/eclipse/67/plugins/org.eclipse.m2e.maven.runtime_3.8.604.20221130-2149/jars/maven-model-3.8.6.jar
2023-08-07 10:30:33,359 [Worker-9: Launching lab1 (3)] INFO  o.eclipse.m2e.core.internal.Bundles - 	Entry: /snap/eclipse/67/plugins/org.eclipse.m2e.maven.runtime_3.8.604.20221130-2149/jars/maven-model-builder-3.8.6.jar
2023-08-07 10:30:33,359 [Worker-9: Launching lab1 (3)] INFO  o.eclipse.m2e.core.internal.Bundles - 	Entry: /snap/eclipse/67/plugins/org.eclipse.m2e.maven.runtime_3.8.604.20221130-2149/jars/maven-plugin-api-3.8.6.jar
2023-08-07 10:30:33,359 [Worker-9: Launching lab1 (3)] INFO  o.eclipse.m2e.core.internal.Bundles - 	Entry: /snap/eclipse/67/plugins/org.eclipse.m2e.maven.runtime_3.8.604.20221130-2149/jars/maven-repository-metadata-3.8.6.jar
2023-08-07 10:30:33,359 [Worker-9: Launching lab1 (3)] INFO  o.eclipse.m2e.core.internal.Bundles - 	Entry: /snap/eclipse/67/plugins/org.eclipse.m2e.maven.runtime_3.8.604.20221130-2149/jars/maven-resolver-api-1.6.3.jar
2023-08-07 10:30:33,359 [Worker-9: Launching lab1 (3)] INFO  o.eclipse.m2e.core.internal.Bundles - 	Entry: /snap/eclipse/67/plugins/org.eclipse.m2e.maven.runtime_3.8.604.20221130-2149/jars/maven-resolver-connector-basic-1.6.3.jar
2023-08-07 10:30:33,359 [Worker-9: Launching lab1 (3)] INFO  o.eclipse.m2e.core.internal.Bundles - 	Entry: /snap/eclipse/67/plugins/org.eclipse.m2e.maven.runtime_3.8.604.20221130-2149/jars/maven-resolver-impl-1.6.3.jar
2023-08-07 10:30:33,359 [Worker-9: Launching lab1 (3)] INFO  o.eclipse.m2e.core.internal.Bundles - 	Entry: /snap/eclipse/67/plugins/org.eclipse.m2e.maven.runtime_3.8.604.20221130-2149/jars/maven-resolver-provider-3.8.6.jar
2023-08-07 10:30:33,359 [Worker-9: Launching lab1 (3)] INFO  o.eclipse.m2e.core.internal.Bundles - 	Entry: /snap/eclipse/67/plugins/org.eclipse.m2e.maven.runtime_3.8.604.20221130-2149/jars/maven-resolver-spi-1.6.3.jar
2023-08-07 10:30:33,360 [Worker-9: Launching lab1 (3)] INFO  o.eclipse.m2e.core.internal.Bundles - 	Entry: /snap/eclipse/67/plugins/org.eclipse.m2e.maven.runtime_3.8.604.20221130-2149/jars/maven-resolver-transport-wagon-1.6.3.jar
2023-08-07 10:30:33,360 [Worker-9: Launching lab1 (3)] INFO  o.eclipse.m2e.core.internal.Bundles - 	Entry: /snap/eclipse/67/plugins/org.eclipse.m2e.maven.runtime_3.8.604.20221130-2149/jars/maven-resolver-util-1.6.3.jar
2023-08-07 10:30:33,360 [Worker-9: Launching lab1 (3)] INFO  o.eclipse.m2e.core.internal.Bundles - 	Entry: /snap/eclipse/67/plugins/org.eclipse.m2e.maven.runtime_3.8.604.20221130-2149/jars/maven-settings-3.8.6.jar
2023-08-07 10:30:33,360 [Worker-9: Launching lab1 (3)] INFO  o.eclipse.m2e.core.internal.Bundles - 	Entry: /snap/eclipse/67/plugins/org.eclipse.m2e.maven.runtime_3.8.604.20221130-2149/jars/maven-settings-builder-3.8.6.jar
2023-08-07 10:30:33,360 [Worker-9: Launching lab1 (3)] INFO  o.eclipse.m2e.core.internal.Bundles - 	Entry: /snap/eclipse/67/plugins/org.eclipse.m2e.maven.runtime_3.8.604.20221130-2149/jars/maven-shared-utils-3.3.4.jar
2023-08-07 10:30:33,360 [Worker-9: Launching lab1 (3)] INFO  o.eclipse.m2e.core.internal.Bundles - 	Entry: /snap/eclipse/67/plugins/org.eclipse.m2e.maven.runtime_3.8.604.20221130-2149/jars/okhttp-3.14.1.jar
2023-08-07 10:30:33,360 [Worker-9: Launching lab1 (3)] INFO  o.eclipse.m2e.core.internal.Bundles - 	Entry: /snap/eclipse/67/plugins/org.eclipse.m2e.maven.runtime_3.8.604.20221130-2149/jars/okio-1.17.3.jar
2023-08-07 10:30:33,360 [Worker-9: Launching lab1 (3)] INFO  o.eclipse.m2e.core.internal.Bundles - 	Entry: /snap/eclipse/67/plugins/org.eclipse.m2e.maven.runtime_3.8.604.20221130-2149/jars/org.eclipse.sisu.inject-0.3.5.jar
2023-08-07 10:30:33,360 [Worker-9: Launching lab1 (3)] INFO  o.eclipse.m2e.core.internal.Bundles - 	Entry: /snap/eclipse/67/plugins/org.eclipse.m2e.maven.runtime_3.8.604.20221130-2149/jars/org.eclipse.sisu.plexus-0.3.5.jar
2023-08-07 10:30:33,360 [Worker-9: Launching lab1 (3)] INFO  o.eclipse.m2e.core.internal.Bundles - 	Entry: /snap/eclipse/67/plugins/org.eclipse.m2e.maven.runtime_3.8.604.20221130-2149/jars/plexus-build-api-0.0.7.jar
2023-08-07 10:30:33,360 [Worker-9: Launching lab1 (3)] INFO  o.eclipse.m2e.core.internal.Bundles - 	Entry: /snap/eclipse/67/plugins/org.eclipse.m2e.maven.runtime_3.8.604.20221130-2149/jars/plexus-cipher-2.0.jar
2023-08-07 10:30:33,361 [Worker-9: Launching lab1 (3)] INFO  o.eclipse.m2e.core.internal.Bundles - 	Entry: /snap/eclipse/67/plugins/org.eclipse.m2e.maven.runtime_3.8.604.20221130-2149/jars/plexus-classworlds-2.6.0.jar
2023-08-07 10:30:33,361 [Worker-9: Launching lab1 (3)] INFO  o.eclipse.m2e.core.internal.Bundles - 	Entry: /snap/eclipse/67/plugins/org.eclipse.m2e.maven.runtime_3.8.604.20221130-2149/jars/plexus-component-annotations-2.1.0.jar
2023-08-07 10:30:33,361 [Worker-9: Launching lab1 (3)] INFO  o.eclipse.m2e.core.internal.Bundles - 	Entry: /snap/eclipse/67/plugins/org.eclipse.m2e.maven.runtime_3.8.604.20221130-2149/jars/plexus-interpolation-1.26.jar
2023-08-07 10:30:33,361 [Worker-9: Launching lab1 (3)] INFO  o.eclipse.m2e.core.internal.Bundles - 	Entry: /snap/eclipse/67/plugins/org.eclipse.m2e.maven.runtime_3.8.604.20221130-2149/jars/plexus-sec-dispatcher-2.0.jar
2023-08-07 10:30:33,361 [Worker-9: Launching lab1 (3)] INFO  o.eclipse.m2e.core.internal.Bundles - 	Entry: /snap/eclipse/67/plugins/org.eclipse.m2e.maven.runtime_3.8.604.20221130-2149/jars/plexus-utils-3.3.1.jar
2023-08-07 10:30:33,361 [Worker-9: Launching lab1 (3)] INFO  o.eclipse.m2e.core.internal.Bundles - 	Entry: /snap/eclipse/67/plugins/org.eclipse.m2e.maven.runtime_3.8.604.20221130-2149/jars/wagon-file-3.5.1.jar
2023-08-07 10:30:33,361 [Worker-9: Launching lab1 (3)] INFO  o.eclipse.m2e.core.internal.Bundles - 	Entry: /snap/eclipse/67/plugins/org.eclipse.m2e.maven.runtime_3.8.604.20221130-2149/jars/wagon-provider-api-3.5.1.jar
2023-08-07 10:30:33,363 [Worker-9: Launching lab1 (3)] INFO  o.eclipse.m2e.core.internal.Bundles - getClasspathEntries(Bundle=com.google.guava_30.1.0.v20221112-0806 [435])
2023-08-07 10:30:33,364 [Worker-9: Launching lab1 (3)] INFO  o.eclipse.m2e.core.internal.Bundles - 	Entry: /snap/eclipse/67/plugins/com.google.guava_30.1.0.v20221112-0806.jar
2023-08-07 10:30:33,364 [Worker-9: Launching lab1 (3)] INFO  o.eclipse.m2e.core.internal.Bundles - getClasspathEntries(Bundle=slf4j.api_1.7.36 [646])
2023-08-07 10:30:33,365 [Worker-9: Launching lab1 (3)] INFO  o.eclipse.m2e.core.internal.Bundles - 	Entry: /snap/eclipse/67/plugins/slf4j.api_1.7.36.jar
2023-08-07 10:30:33,365 [Worker-9: Launching lab1 (3)] INFO  o.eclipse.m2e.core.internal.Bundles - getClasspathEntries(Bundle=javax.inject_1.0.0.v20220405-0441 [17])
2023-08-07 10:30:33,366 [Worker-9: Launching lab1 (3)] INFO  o.eclipse.m2e.core.internal.Bundles - 	Entry: /snap/eclipse/67/plugins/javax.inject_1.0.0.v20220405-0441.jar
2023-08-07 10:30:33,366 [Worker-9: Launching lab1 (3)] INFO  o.eclipse.m2e.core.internal.Bundles - getClasspathEntries(Bundle=javax.annotation_1.3.5.v20221112-0806 [440])
2023-08-07 10:30:33,366 [Worker-9: Launching lab1 (3)] INFO  o.eclipse.m2e.core.internal.Bundles - 	Entry: /snap/eclipse/67/plugins/javax.annotation_1.3.5.v20221112-0806.jar
2023-08-07 10:30:33,369 [Worker-9: Launching lab1 (3)] INFO  o.e.m.i.launch.MavenLaunchDelegate - Run build in "/home/harsh/Study/Sem5/CICD/lab1":
2023-08-07 10:30:33,386 [Worker-9: Launching lab1 (3)] INFO  o.e.m.i.launch.MavenLaunchDelegate -  mvn  -B -Dstyle.color=always clean
